2025-08-25 23:33:49,377 - INFO - [NEW] New synonym found: 'farmersorganic' -> 'cocoearth' | Data: {'farmersorganic': 'cocoearth'}
2025-08-25 23:33:49,418 - INFO - [NEW] New synonym found: 'bettycrocker' -> 'cocoearth' | Data: {'bettycrocker': 'cocoearth'}
2025-08-25 23:33:49,439 - INFO - [NEW] New synonym found: 'greens' -> 'cocoearth' | Data: {'greens': 'cocoearth'}
2025-08-25 23:33:49,457 - INFO - [NEW] New synonym found: 'whitewings' -> 'cocoearth' | Data: {'whitewings': 'cocoearth'}
2025-08-25 23:33:49,474 - INFO - [NEW] New synonym found: 'dollarsweets' -> 'cocoearth' | Data: {'dollarsweets': 'cocoearth'}
2025-08-25 23:33:49,494 - INFO - [NEW] New synonym found: 'queen' -> 'cocoearth' | Data: {'queen': 'cocoearth'}
2025-08-25 23:33:49,506 - INFO - [NEW] New synonym found: 'nestle' -> 'cocoearth' | Data: {'nestle': 'cocoearth'}
2025-08-25 23:33:49,521 - INFO - [NEW] New synonym found: 'redtractor' -> 'cocoearth' | Data: {'redtractor': 'cocoearth'}
2025-08-25 23:33:49,537 - INFO - [NEW] New synonym found: 'grocermarketthe' -> 'cocoearth' | Data: {'grocermarketthe': 'cocoearth'}
2025-08-25 23:33:49,550 - INFO - [NEW] New synonym found: 'carmans' -> 'cocoearth' | Data: {'carmans': 'cocoearth'}
2025-08-25 23:33:49,568 - INFO - [NEW] New synonym found: 'kelloggs' -> 'cocoearth' | Data: {'kelloggs': 'cocoearth'}
2025-08-25 23:33:49,584 - INFO - [NEW] New synonym found: 'nesquik' -> 'cocoearth' | Data: {'nesquik': 'cocoearth'}
2025-08-25 23:33:49,603 - INFO - [NEW] New synonym found: 'tobysuncle' -> 'cocoearth' | Data: {'tobysuncle': 'cocoearth'}
2025-08-25 23:33:49,619 - INFO - [NEW] New synonym found: 'britsvita' -> 'cocoearth' | Data: {'britsvita': 'cocoearth'}
2025-08-25 23:33:49,635 - INFO - [NEW] New synonym found: 'heinz' -> 'cocoearth' | Data: {'heinz': 'cocoearth'}
2025-08-25 23:33:49,652 - INFO - [NEW] New synonym found: 'delilatina' -> 'cocoearth' | Data: {'delilatina': 'cocoearth'}
2025-08-25 23:33:49,668 - INFO - [NEW] New synonym found: 'dole' -> 'cocoearth' | Data: {'dole': 'cocoearth'}
2025-08-25 23:33:49,683 - INFO - [NEW] New synonym found: 'spc' -> 'cocoearth' | Data: {'spc': 'cocoearth'}
2025-08-25 23:33:49,700 - INFO - [NEW] New synonym found: 'hamper' -> 'cocoearth' | Data: {'hamper': 'cocoearth'}
2025-08-25 23:33:49,717 - INFO - [NEW] New synonym found: 'johnwest' -> 'cocoearth' | Data: {'johnwest': 'cocoearth'}
2025-08-25 23:33:49,742 - INFO - [NEW] New synonym found: 'sirena' -> 'cocoearth' | Data: {'sirena': 'cocoearth'}
2025-08-25 23:33:49,761 - INFO - [NEW] New synonym found: 'leggos' -> 'cocoearth' | Data: {'leggos': 'cocoearth'}
2025-08-25 23:33:49,776 - INFO - [NEW] New synonym found: 'frisp' -> 'cocoearth' | Data: {'frisp': 'cocoearth'}
2025-08-25 23:33:49,795 - INFO - [NEW] New synonym found: 'threethrees' -> 'cocoearth' | Data: {'threethrees': 'cocoearth'}
2025-08-25 23:33:49,804 - INFO - [NEW] New synonym found: 'asha' -> 'cocoearth' | Data: {'asha': 'cocoearth'}
2025-08-25 23:33:49,820 - INFO - [NEW] New synonym found: 'hartsoul' -> 'cocoearth' | Data: {'hartsoul': 'cocoearth'}
2025-08-25 23:33:49,831 - INFO - [NEW] New synonym found: 'maggi' -> 'cocoearth' | Data: {'maggi': 'cocoearth'}
2025-08-25 23:33:49,840 - INFO - [NEW] New synonym found: 'samyang' -> 'cocoearth' | Data: {'samyang': 'cocoearth'}
2025-08-25 23:33:49,857 - INFO - [NEW] New synonym found: 'masterfoods' -> 'cocoearth' | Data: {'masterfoods': 'cocoearth'}
2025-08-25 23:33:49,876 - INFO - [NEW] New synonym found: 'tajin' -> 'cocoearth' | Data: {'tajin': 'cocoearth'}
2025-08-25 23:33:49,895 - INFO - [NEW] New synonym found: 'goldgourmet' -> 'cocoearth' | Data: {'goldgourmet': 'cocoearth'}
2025-08-25 23:33:49,916 - INFO - [NEW] New synonym found: 'umamipapi' -> 'cocoearth' | Data: {'umamipapi': 'cocoearth'}
2025-08-25 23:33:49,934 - INFO - [NEW] New synonym found: 'trident' -> 'cocoearth' | Data: {'trident': 'cocoearth'}
2025-08-25 23:33:49,949 - INFO - [NEW] New synonym found: 'barilla' -> 'cocoearth' | Data: {'barilla': 'cocoearth'}
2025-08-25 23:33:49,965 - INFO - [NEW] New synonym found: 'tiotito' -> 'cocoearth' | Data: {'tiotito': 'cocoearth'}
2025-08-25 23:33:49,992 - INFO - [NEW] New synonym found: 'campbells' -> 'cocoearth' | Data: {'campbells': 'cocoearth'}
2025-08-25 23:33:50,018 - INFO - [NEW] New synonym found: 'mattmoran' -> 'cocoearth' | Data: {'mattmoran': 'cocoearth'}
2025-08-25 23:33:50,040 - INFO - [NEW] New synonym found: 'vegeta' -> 'cocoearth' | Data: {'vegeta': 'cocoearth'}
2025-08-25 23:33:50,065 - INFO - [NEW] New synonym found: 'ardmona' -> 'cocoearth' | Data: {'ardmona': 'cocoearth'}
2025-08-25 23:33:50,092 - INFO - [NEW] New synonym found: 'goya' -> 'cocoearth' | Data: {'goya': 'cocoearth'}
2025-08-25 23:33:50,126 - INFO - [NEW] New synonym found: 'cocommunity' -> 'cocoearth' | Data: {'cocommunity': 'cocoearth'}
2025-08-25 23:33:50,149 - INFO - [NEW] New synonym found: 'mamasitas' -> 'mama' | Data: {'mamasitas': 'mama'}
2025-08-25 23:33:50,171 - INFO - [NEW] New synonym found: 'prb' -> 'bridgepearlriver' | Data: {'prb': 'bridgepearlriver'}
2025-08-25 23:33:50,194 - INFO - [NEW] New synonym found: 'eloldpaso' -> 'cocoearth' | Data: {'eloldpaso': 'cocoearth'}
2025-08-25 23:33:50,218 - INFO - [NEW] New synonym found: 'penotti' -> 'cocoearth' | Data: {'penotti': 'cocoearth'}
2025-08-25 23:33:50,241 - INFO - [NEW] New synonym found: 'bega' -> 'cocoearth' | Data: {'bega': 'cocoearth'}
2025-08-25 23:33:50,261 - INFO - [NEW] New synonym found: 'pistabella' -> 'cocoearth' | Data: {'pistabella': 'cocoearth'}
2025-08-25 23:33:50,283 - INFO - [NEW] New synonym found: 'melissa' -> 'cocoearth' | Data: {'melissa': 'cocoearth'}
2025-08-25 23:33:50,304 - INFO - [NEW] New synonym found: 'tamma' -> 'cocoearth' | Data: {'tamma': 'cocoearth'}
2025-08-25 23:33:50,324 - INFO - [NEW] New synonym found: 'ipastai' -> 'cocoearth' | Data: {'ipastai': 'cocoearth'}
2025-08-25 23:33:50,344 - INFO - [NEW] New synonym found: 'nice' -> 'cocoearth' | Data: {'nice': 'cocoearth'}
2025-08-25 23:33:50,363 - INFO - [NEW] New synonym found: 'nicerice' -> 'cocoearth' | Data: {'nicerice': 'cocoearth'}
2025-08-25 23:33:50,384 - INFO - [NEW] New synonym found: 'bensoriginal' -> 'cocoearth' | Data: {'bensoriginal': 'cocoearth'}
2025-08-25 23:33:50,401 - INFO - [NEW] New synonym found: 'sunrice' -> 'cocoearth' | Data: {'sunrice': 'cocoearth'}
2025-08-25 23:33:50,421 - INFO - [NEW] New synonym found: 'mckenzies' -> 'cocoearth' | Data: {'mckenzies': 'cocoearth'}
2025-08-25 23:33:50,440 - INFO - [NEW] New synonym found: 'cadbury' -> 'cocoearth' | Data: {'cadbury': 'cocoearth'}
2025-08-25 23:33:50,461 - INFO - [NEW] New synonym found: 'hershey' -> 'cocoearth' | Data: {'hershey': 'cocoearth'}
2025-08-25 23:33:50,481 - INFO - [NEW] New synonym found: 'kezskitchen' -> 'cocoearth' | Data: {'kezskitchen': 'cocoearth'}
2025-08-25 23:33:50,498 - INFO - [NEW] New synonym found: 'kinder' -> 'cocoearth' | Data: {'kinder': 'cocoearth'}
2025-08-25 23:33:50,518 - INFO - [NEW] New synonym found: 'lindt' -> 'cocoearth' | Data: {'lindt': 'cocoearth'}
2025-08-25 23:33:50,534 - INFO - [NEW] New synonym found: 'mars' -> 'cocoearth' | Data: {'mars': 'cocoearth'}
2025-08-25 23:33:50,559 - INFO - [NEW] New synonym found: 'nestl' -> 'cocoearth' | Data: {'nestl': 'cocoearth'}
2025-08-25 23:33:50,581 - INFO - [NEW] New synonym found: 'reeses' -> 'cocoearth' | Data: {'reeses': 'cocoearth'}
2025-08-25 23:33:50,606 - INFO - [NEW] New synonym found: 'snickers' -> 'cocoearth' | Data: {'snickers': 'cocoearth'}
2025-08-25 23:33:50,629 - INFO - [NEW] New synonym found: 'darrelllea' -> 'cocoearth' | Data: {'darrelllea': 'cocoearth'}
2025-08-25 23:33:50,652 - INFO - [NEW] New synonym found: 'beastfeastablesmr' -> 'beastmr' | Data: {'beastfeastablesmr': 'beastmr'}
2025-08-25 23:33:50,678 - INFO - [NEW] New synonym found: 'toblerone' -> 'cocoearth' | Data: {'toblerone': 'cocoearth'}
2025-08-25 23:33:50,702 - INFO - [NEW] New synonym found: 'europe' -> 'cocoearth' | Data: {'europe': 'cocoearth'}
2025-08-25 23:33:50,726 - INFO - [NEW] New synonym found: 'allens' -> 'cocoearth' | Data: {'allens': 'cocoearth'}
2025-08-25 23:33:50,749 - INFO - [NEW] New synonym found: 'extra' -> 'cocoearth' | Data: {'extra': 'cocoearth'}
2025-08-25 23:33:50,773 - INFO - [NEW] New synonym found: 'glee' -> 'cocoearth' | Data: {'glee': 'cocoearth'}
2025-08-25 23:33:50,798 - INFO - [NEW] New synonym found: 'lofthouse' -> 'cocoearth' | Data: {'lofthouse': 'cocoearth'}
2025-08-25 23:33:50,821 - INFO - [NEW] New synonym found: 'mentos' -> 'cocoearth' | Data: {'mentos': 'cocoearth'}
2025-08-25 23:33:50,843 - INFO - [NEW] New synonym found: 'pk' -> 'cocoearth' | Data: {'pk': 'cocoearth'}
2025-08-25 23:33:50,857 - INFO - [NEW] New synonym found: 'ait' -> 'cocoearth' | Data: {'ait': 'cocoearth'}
2025-08-25 23:33:50,881 - INFO - [NEW] New synonym found: 'chupachups' -> 'cocoearth' | Data: {'chupachups': 'cocoearth'}
2025-08-25 23:33:50,903 - INFO - [NEW] New synonym found: 'kidsmania' -> 'cocoearth' | Data: {'kidsmania': 'cocoearth'}
2025-08-25 23:33:50,924 - INFO - [NEW] New synonym found: 'cretamel' -> 'cocoearth' | Data: {'cretamel': 'cocoearth'}
2025-08-25 23:33:50,948 - INFO - [NEW] New synonym found: 'ddouble' -> 'cocoearth' | Data: {'ddouble': 'cocoearth'}
2025-08-25 23:33:50,972 - INFO - [NEW] New synonym found: 'gumiyum' -> 'cocoearth' | Data: {'gumiyum': 'cocoearth'}
2025-08-25 23:33:50,993 - INFO - [NEW] New synonym found: 'haribo' -> 'cocoearth' | Data: {'haribo': 'cocoearth'}
2025-08-25 23:33:51,017 - INFO - [NEW] New synonym found: 'kidzworld' -> 'cocoearth' | Data: {'kidzworld': 'cocoearth'}
2025-08-25 23:33:51,039 - INFO - [NEW] New synonym found: 'lifesavers' -> 'cocoearth' | Data: {'lifesavers': 'cocoearth'}
2025-08-25 23:33:51,065 - INFO - [NEW] New synonym found: 'maltesers' -> 'cocoearth' | Data: {'maltesers': 'cocoearth'}
2025-08-25 23:33:51,088 - INFO - [NEW] New synonym found: 'ikemike' -> 'cocoearth' | Data: {'ikemike': 'cocoearth'}
2025-08-25 23:33:51,105 - INFO - [NEW] New synonym found: 'nerds' -> 'cocoearth' | Data: {'nerds': 'cocoearth'}
2025-08-25 23:33:51,128 - INFO - [NEW] New synonym found: 'oreo' -> 'cocoearth' | Data: {'oreo': 'cocoearth'}
2025-08-25 23:33:51,151 - INFO - [NEW] New synonym found: 'pascall' -> 'cocoearth' | Data: {'pascall': 'cocoearth'}
2025-08-25 23:33:51,174 - INFO - [NEW] New synonym found: 'agenciesmg' -> 'cocoearth' | Data: {'agenciesmg': 'cocoearth'}
2025-08-25 23:33:51,198 - INFO - [NEW] New synonym found: 'hqsnack' -> 'cocoearth' | Data: {'hqsnack': 'cocoearth'}
2025-08-25 23:33:51,219 - INFO - [NEW] New synonym found: 'kidspatchsour' -> 'cocoearth' | Data: {'kidspatchsour': 'cocoearth'}
2025-08-25 23:33:51,239 - INFO - [NEW] New synonym found: 'coconfectnaturalthe' -> 'cocoearth' | Data: {'coconfectnaturalthe': 'cocoearth'}
2025-08-25 23:33:51,261 - INFO - [NEW] New synonym found: 'coconfectionerynaturalthe' -> 'cocoearth' | Data: {'coconfectionerynaturalthe': 'cocoearth'}
2025-08-25 23:33:51,285 - INFO - [NEW] New synonym found: 'tnt' -> 'cocoearth' | Data: {'tnt': 'cocoearth'}
2025-08-25 23:33:51,317 - INFO - [NEW] New synonym found: 'warheads' -> 'cocoearth' | Data: {'warheads': 'cocoearth'}
2025-08-25 23:33:51,341 - INFO - [NEW] New synonym found: 'zappo' -> 'cocoearth' | Data: {'zappo': 'cocoearth'}
2025-08-25 23:33:51,365 - INFO - [NEW] New synonym found: 'arnotts' -> 'cocoearth' | Data: {'arnotts': 'cocoearth'}
2025-08-25 23:33:51,389 - INFO - [NEW] New synonym found: 'abiskitin' -> 'cocoearth' | Data: {'abiskitin': 'cocoearth'}
2025-08-25 23:33:51,413 - INFO - [NEW] New synonym found: 'cleaneritkeep' -> 'cocoearth' | Data: {'cleaneritkeep': 'cocoearth'}
2025-08-25 23:33:51,433 - INFO - [NEW] New synonym found: 'kiddylicious' -> 'cocoearth' | Data: {'kiddylicious': 'cocoearth'}
2025-08-25 23:33:51,453 - INFO - [NEW] New synonym found: 'majans' -> 'cocoearth' | Data: {'majans': 'cocoearth'}
2025-08-25 23:33:51,470 - INFO - [NEW] New synonym found: 'nobbys' -> 'cocoearth' | Data: {'nobbys': 'cocoearth'}
2025-08-25 23:33:51,487 - INFO - [NEW] New synonym found: 'parkers' -> 'cocoearth' | Data: {'parkers': 'cocoearth'}
2025-08-25 23:33:51,508 - INFO - [NEW] New synonym found: 'ritz' -> 'cocoearth' | Data: {'ritz': 'cocoearth'}
2025-08-25 23:33:51,526 - INFO - [NEW] New synonym found: 'smiths' -> 'cocoearth' | Data: {'smiths': 'cocoearth'}
2025-08-25 23:33:51,547 - INFO - [NEW] New synonym found: 'fibreone' -> 'cocoearth' | Data: {'fibreone': 'cocoearth'}
2025-08-25 23:33:51,571 - INFO - [NEW] New synonym found: 'kind' -> 'cocoearth' | Data: {'kind': 'cocoearth'}
2025-08-25 23:33:51,595 - INFO - [NEW] New synonym found: 'refil' -> 'cocoearth' | Data: {'refil': 'cocoearth'}
2025-08-25 23:33:51,618 - INFO - [NEW] New synonym found: 'kettle' -> 'cocoearth' | Data: {'kettle': 'cocoearth'}
2025-08-25 23:33:51,640 - INFO - [NEW] New synonym found: 'macytailor' -> 'andmacytailor' | Data: {'macytailor': 'andmacytailor'}
2025-08-25 23:33:51,661 - INFO - [NEW] New synonym found: 'pringles' -> 'cocoearth' | Data: {'pringles': 'cocoearth'}
2025-08-25 23:33:51,681 - INFO - [NEW] New synonym found: 'deliredrock' -> 'cocoearth' | Data: {'deliredrock': 'cocoearth'}
2025-08-25 23:33:51,701 - INFO - [NEW] New synonym found: 'samboy' -> 'cocoearth' | Data: {'samboy': 'cocoearth'}
2025-08-25 23:33:51,726 - INFO - [NEW] New synonym found: 'sunbites' -> 'cocoearth' | Data: {'sunbites': 'cocoearth'}
2025-08-25 23:33:51,746 - INFO - [NEW] New synonym found: 'chipconaturalthe' -> 'cocoearth' | Data: {'chipconaturalthe': 'cocoearth'}
2025-08-25 23:33:51,769 - INFO - [NEW] New synonym found: 'thins' -> 'cocoearth' | Data: {'thins': 'cocoearth'}
2025-08-25 23:33:51,790 - INFO - [NEW] New synonym found: 'australiacalbeelimitedpty' -> 'cocoearth' | Data: {'australiacalbeelimitedpty': 'cocoearth'}
2025-08-25 23:33:51,813 - INFO - [NEW] New synonym found: 'calbee' -> 'cocoearth' | Data: {'calbee': 'cocoearth'}
2025-08-25 23:33:51,825 - INFO - [NEW] New synonym found: 'ccs' -> 'cocoearth' | Data: {'ccs': 'cocoearth'}
2025-08-25 23:33:51,838 - INFO - [NEW] New synonym found: 'doritos' -> 'cocoearth' | Data: {'doritos': 'cocoearth'}
2025-08-25 23:33:51,858 - INFO - [NEW] New synonym found: 'jacklinks' -> 'cocoearth' | Data: {'jacklinks': 'cocoearth'}
2025-08-25 23:33:51,878 - INFO - [NEW] New synonym found: 'kreenuts' -> 'cocoearth' | Data: {'kreenuts': 'cocoearth'}
2025-08-25 23:33:51,901 - INFO - [NEW] New synonym found: 'tortolines' -> 'cocoearth' | Data: {'tortolines': 'cocoearth'}
2025-08-25 23:33:51,929 - INFO - [NEW] New synonym found: 'lotte' -> 'cocoearth' | Data: {'lotte': 'cocoearth'}
2025-08-25 23:33:51,950 - INFO - [NEW] New synonym found: 'mokate' -> 'cocoearth' | Data: {'mokate': 'cocoearth'}
2025-08-25 23:33:51,970 - INFO - [NEW] New synonym found: 'cheetos' -> 'cocoearth' | Data: {'cheetos': 'cocoearth'}
2025-08-25 23:33:51,989 - INFO - [NEW] New synonym found: 'jumpys' -> 'cocoearth' | Data: {'jumpys': 'cocoearth'}
2025-08-25 23:33:52,012 - INFO - [NEW] New synonym found: 'foodsreal' -> 'cocoearth' | Data: {'foodsreal': 'cocoearth'}
2025-08-25 23:33:52,036 - INFO - [NEW] New synonym found: 'ofplentytable' -> 'cocoearth' | Data: {'ofplentytable': 'cocoearth'}
2025-08-25 23:33:52,059 - INFO - [NEW] New synonym found: 'takis' -> 'cocoearth' | Data: {'takis': 'cocoearth'}
2025-08-25 23:33:52,081 - INFO - [NEW] New synonym found: 'twisties' -> 'cocoearth' | Data: {'twisties': 'cocoearth'}
2025-08-25 23:33:52,100 - INFO - [NEW] New synonym found: 'beaksons' -> 'cocoearth' | Data: {'beaksons': 'cocoearth'}
2025-08-25 23:33:52,120 - INFO - [NEW] New synonym found: 'daris' -> 'cocoearth' | Data: {'daris': 'cocoearth'}
2025-08-25 23:33:52,141 - INFO - [NEW] New synonym found: 'lazuppa' -> 'cocoearth' | Data: {'lazuppa': 'cocoearth'}
2025-08-25 23:33:52,168 - INFO - [NEW] New synonym found: 'nongshim' -> 'cocoearth' | Data: {'nongshim': 'cocoearth'}
2025-08-25 23:33:52,190 - INFO - [NEW] New synonym found: 'fitzcofoodsquality' -> 'fitzco' | Data: {'fitzcofoodsquality': 'fitzco'}
2025-08-25 23:33:52,210 - INFO - [NEW] New synonym found: 'normandie' -> 'cocoearth' | Data: {'normandie': 'cocoearth'}
2025-08-25 23:33:52,229 - INFO - [NEW] New synonym found: 'pauls' -> 'cocoearth' | Data: {'pauls': 'cocoearth'}
2025-08-25 23:33:52,247 - INFO - [NEW] New synonym found: 'dairyfarmers' -> 'cocoearth' | Data: {'dairyfarmers': 'cocoearth'}
2025-08-25 23:33:52,265 - INFO - [NEW] New synonym found: 'dare' -> 'cocoearth' | Data: {'dare': 'cocoearth'}
2025-08-25 23:33:52,287 - INFO - [NEW] New synonym found: 'oak' -> 'cocoearth' | Data: {'oak': 'cocoearth'}
2025-08-25 23:33:52,309 - INFO - [NEW] New synonym found: 'mountainview' -> 'manningvalley' | Data: {'mountainview': 'manningvalley'}
2025-08-25 23:33:52,329 - INFO - [NEW] New synonym found: 'chobani' -> 'cocoearth' | Data: {'chobani': 'cocoearth'}
2025-08-25 23:33:52,350 - INFO - [NEW] New synonym found: 'farmersunion' -> 'cocoearth' | Data: {'farmersunion': 'cocoearth'}
2025-08-25 23:33:52,372 - INFO - [NEW] New synonym found: 'dairygippsland' -> 'cocoearth' | Data: {'dairygippsland': 'cocoearth'}
2025-08-25 23:33:52,391 - INFO - [NEW] New synonym found: 'vitasoy' -> 'cocoearth' | Data: {'vitasoy': 'cocoearth'}
2025-08-25 23:33:52,410 - INFO - [NEW] New synonym found: 'cheer' -> 'cocoearth' | Data: {'cheer': 'cocoearth'}
2025-08-25 23:33:52,432 - INFO - [NEW] New synonym found: 'eatlean' -> 'cocoearth' | Data: {'eatlean': 'cocoearth'}
2025-08-25 23:33:52,454 - INFO - [NEW] New synonym found: 'kenilworth' -> 'dairieskenilworth' | Data: {'kenilworth': 'dairieskenilworth'}
2025-08-25 23:33:52,480 - INFO - [NEW] New synonym found: 'italianoperfect' -> 'cocoearth' | Data: {'italianoperfect': 'cocoearth'}
2025-08-25 23:33:52,500 - INFO - [NEW] New synonym found: 'babybel' -> 'cocoearth' | Data: {'babybel': 'cocoearth'}
2025-08-25 23:33:52,519 - INFO - [NEW] New synonym found: 'kraft' -> 'cocoearth' | Data: {'kraft': 'cocoearth'}
2025-08-25 23:33:52,544 - INFO - [NEW] New synonym found: 'casadelformaggiola' -> 'cocoearth' | Data: {'casadelformaggiola': 'cocoearth'}
2025-08-25 23:33:52,564 - INFO - [NEW] New synonym found: 'brancourts' -> 'cocoearth' | Data: {'brancourts': 'cocoearth'}
2025-08-25 23:33:52,589 - INFO - [NEW] New synonym found: 'tristram' -> 'cocoearth' | Data: {'tristram': 'cocoearth'}
2025-08-25 23:33:52,612 - INFO - [NEW] New synonym found: 'freshlatina' -> 'cocoearth' | Data: {'freshlatina': 'cocoearth'}
2025-08-25 23:33:52,637 - INFO - [NEW] New synonym found: 'auntykaths' -> 'cocoearth' | Data: {'auntykaths': 'cocoearth'}
2025-08-25 23:33:52,658 - INFO - [NEW] New synonym found: 'falafelgolden' -> 'cocoearth' | Data: {'falafelgolden': 'cocoearth'}
2025-08-25 23:33:52,679 - INFO - [NEW] New synonym found: 'chefmusclemy' -> 'cocoearth' | Data: {'chefmusclemy': 'cocoearth'}
2025-08-25 23:33:52,701 - INFO - [NEW] New synonym found: 'pantrysimsons' -> 'cocoearth' | Data: {'pantrysimsons': 'cocoearth'}
2025-08-25 23:33:52,720 - INFO - [NEW] New synonym found: 'youfoodz' -> 'cocoearth' | Data: {'youfoodz': 'cocoearth'}
2025-08-25 23:33:52,743 - INFO - [NEW] New synonym found: 'don' -> 'cocoearth' | Data: {'don': 'cocoearth'}
2025-08-25 23:33:52,766 - INFO - [NEW] New synonym found: 'bakerychefcocountrythe' -> 'cocoearth' | Data: {'bakerychefcocountrythe': 'cocoearth'}
2025-08-25 23:33:52,789 - INFO - [NEW] New synonym found: 'bakerscollection' -> 'cocoearth' | Data: {'bakerscollection': 'cocoearth'}
2025-08-25 23:33:52,811 - INFO - [NEW] New synonym found: 'guylian' -> 'cocoearth' | Data: {'guylian': 'cocoearth'}
2025-08-25 23:33:52,831 - INFO - [NEW] New synonym found: 'freshpl' -> 'cocoearth' | Data: {'freshpl': 'cocoearth'}
2025-08-25 23:33:52,854 - INFO - [NEW] New synonym found: 'helgas' -> 'cocoearth' | Data: {'helgas': 'cocoearth'}
2025-08-25 23:33:52,877 - INFO - [NEW] New synonym found: 'pineta' -> 'cocoearth' | Data: {'pineta': 'cocoearth'}
2025-08-25 23:33:52,898 - INFO - [NEW] New synonym found: 'tiptop' -> 'cocoearth' | Data: {'tiptop': 'cocoearth'}
2025-08-25 23:33:52,917 - INFO - [NEW] New synonym found: 'wonder' -> 'cocoearth' | Data: {'wonder': 'cocoearth'}
2025-08-25 23:33:52,938 - INFO - [NEW] New synonym found: 'countrydelight' -> 'cocoearth' | Data: {'countrydelight': 'cocoearth'}
2025-08-25 23:33:52,961 - INFO - [NEW] New synonym found: 'jonjon' -> 'cocoearth' | Data: {'jonjon': 'cocoearth'}
2025-08-25 23:33:52,980 - INFO - [NEW] New synonym found: 'bundaberg' -> 'cocoearth' | Data: {'bundaberg': 'cocoearth'}
2025-08-25 23:33:53,001 - INFO - [NEW] New synonym found: 'calypso' -> 'cocoearth' | Data: {'calypso': 'cocoearth'}
2025-08-25 23:33:53,022 - INFO - [NEW] New synonym found: 'cocacola' -> 'cocoearth' | Data: {'cocacola': 'cocoearth'}
2025-08-25 23:33:53,049 - INFO - [NEW] New synonym found: 'fanta' -> 'cocoearth' | Data: {'fanta': 'cocoearth'}
2025-08-25 23:33:53,074 - INFO - [NEW] New synonym found: 'dewmountain' -> 'cocoearth' | Data: {'dewmountain': 'cocoearth'}
2025-08-25 23:33:53,099 - INFO - [NEW] New synonym found: 'pepsi' -> 'cocoearth' | Data: {'pepsi': 'cocoearth'}
2025-08-25 23:33:53,123 - INFO - [NEW] New synonym found: 'schweppes' -> 'cocoearth' | Data: {'schweppes': 'cocoearth'}
2025-08-25 23:33:53,146 - INFO - [NEW] New synonym found: 'solo' -> 'cocoearth' | Data: {'solo': 'cocoearth'}
2025-08-25 23:33:53,170 - INFO - [NEW] New synonym found: 'sunkist' -> 'cocoearth' | Data: {'sunkist': 'cocoearth'}
2025-08-25 23:33:53,192 - INFO - [NEW] New synonym found: 'boarwild' -> 'cocoearth' | Data: {'boarwild': 'cocoearth'}
2025-08-25 23:33:53,212 - INFO - [NEW] New synonym found: 'alani' -> 'cocoearth' | Data: {'alani': 'cocoearth'}
2025-08-25 23:33:53,233 - INFO - [NEW] New synonym found: 'berocca' -> 'cocoearth' | Data: {'berocca': 'cocoearth'}
2025-08-25 23:33:53,254 - INFO - [NEW] New synonym found: 'monster' -> 'cocoearth' | Data: {'monster': 'cocoearth'}
2025-08-25 23:33:53,274 - INFO - [NEW] New synonym found: 'energymonster' -> 'cocoearth' | Data: {'energymonster': 'cocoearth'}
2025-08-25 23:33:53,297 - INFO - [NEW] New synonym found: 'musashi' -> 'cocoearth' | Data: {'musashi': 'cocoearth'}
2025-08-25 23:33:53,318 - INFO - [NEW] New synonym found: 'energyoxyshred' -> 'cocoearth' | Data: {'energyoxyshred': 'cocoearth'}
2025-08-25 23:33:53,338 - INFO - [NEW] New synonym found: 'oxyshred' -> 'cocoearth' | Data: {'oxyshred': 'cocoearth'}
2025-08-25 23:33:53,357 - INFO - [NEW] New synonym found: 'bullred' -> 'cocoearth' | Data: {'bullred': 'cocoearth'}
2025-08-25 23:33:53,378 - INFO - [NEW] New synonym found: 'rockstar' -> 'cocoearth' | Data: {'rockstar': 'cocoearth'}
2025-08-25 23:33:53,399 - INFO - [NEW] New synonym found: 'energyv' -> 'cocoearth' | Data: {'energyv': 'cocoearth'}
2025-08-25 23:33:53,419 - INFO - [NEW] New synonym found: 'gatorade' -> 'cocoearth' | Data: {'gatorade': 'cocoearth'}
2025-08-25 23:33:53,443 - INFO - [NEW] New synonym found: 'powerade' -> 'cocoearth' | Data: {'powerade': 'cocoearth'}
2025-08-25 23:33:53,467 - INFO - [NEW] New synonym found: 'prime' -> 'cocoearth' | Data: {'prime': 'cocoearth'}
2025-08-25 23:33:53,490 - INFO - [NEW] New synonym found: 'bickfords' -> 'cocoearth' | Data: {'bickfords': 'cocoearth'}
2025-08-25 23:33:53,512 - INFO - [NEW] New synonym found: 'blackgold' -> 'cocoearth' | Data: {'blackgold': 'cocoearth'}
2025-08-25 23:33:53,536 - INFO - [NEW] New synonym found: 'circlegolden' -> 'cocoearth' | Data: {'circlegolden': 'cocoearth'}
2025-08-25 23:33:53,556 - INFO - [NEW] New synonym found: 'cojocojo' -> 'cocoearth' | Data: {'cojocojo': 'cocoearth'}
2025-08-25 23:33:53,580 - INFO - [NEW] New synonym found: 'dailyjuice' -> 'cocoearth' | Data: {'dailyjuice': 'cocoearth'}
2025-08-25 23:33:53,601 - INFO - [NEW] New synonym found: 'burstfruity' -> 'cocoearth' | Data: {'burstfruity': 'cocoearth'}
2025-08-25 23:33:53,622 - INFO - [NEW] New synonym found: 'grove' -> 'cocoearth' | Data: {'grove': 'cocoearth'}
2025-08-25 23:33:53,644 - INFO - [NEW] New synonym found: 'h2juice' -> 'cocoearth' | Data: {'h2juice': 'cocoearth'}
2025-08-25 23:33:53,662 - INFO - [NEW] New synonym found: 'crushjuicee' -> 'cocoearth' | Data: {'crushjuicee': 'cocoearth'}
2025-08-25 23:33:53,683 - INFO - [NEW] New synonym found: 'oceanspray' -> 'cocoearth' | Data: {'oceanspray': 'cocoearth'}
2025-08-25 23:33:53,706 - INFO - [NEW] New synonym found: 'brothersjuicethe' -> 'cocoearth' | Data: {'brothersjuicethe': 'cocoearth'}
2025-08-25 23:33:53,726 - INFO - [NEW] New synonym found: 'alkapower' -> 'cocoearth' | Data: {'alkapower': 'cocoearth'}
2025-08-25 23:33:53,745 - INFO - [NEW] New synonym found: 'franklinmt' -> 'cocoearth' | Data: {'franklinmt': 'cocoearth'}
2025-08-25 23:33:53,768 - INFO - [NEW] New synonym found: 'vida' -> 'cocoearth' | Data: {'vida': 'cocoearth'}
2025-08-25 23:33:53,788 - INFO - [NEW] New synonym found: 'h2coco' -> 'cocoearth' | Data: {'h2coco': 'cocoearth'}
2025-08-25 23:33:53,811 - INFO - [NEW] New synonym found: 'kara' -> 'cocoearth' | Data: {'kara': 'cocoearth'}
2025-08-25 23:33:53,826 - INFO - [NEW] New synonym found: 'moccona' -> 'cocoearth' | Data: {'moccona': 'cocoearth'}
2025-08-25 23:33:53,851 - INFO - [NEW] New synonym found: 'nescafe' -> 'cocoearth' | Data: {'nescafe': 'cocoearth'}
2025-08-25 23:33:53,876 - INFO - [NEW] New synonym found: 'lor' -> 'cocoearth' | Data: {'lor': 'cocoearth'}
2025-08-25 23:33:53,901 - INFO - [NEW] New synonym found: 'vittoria' -> 'cocoearth' | Data: {'vittoria': 'cocoearth'}
2025-08-25 23:33:53,924 - INFO - [NEW] New synonym found: 'bosscoffee' -> 'cocoearth' | Data: {'bosscoffee': 'cocoearth'}
2025-08-25 23:33:53,949 - INFO - [NEW] New synonym found: 'frisky' -> 'cocoearth' | Data: {'frisky': 'cocoearth'}
2025-08-25 23:33:53,975 - INFO - [NEW] New synonym found: 'harrogateoftaylors' -> 'cocoearth' | Data: {'harrogateoftaylors': 'cocoearth'}
2025-08-25 23:33:53,998 - INFO - [NEW] New synonym found: 'breakice' -> 'cocoearth' | Data: {'breakice': 'cocoearth'}
2025-08-25 23:33:54,022 - INFO - [NEW] New synonym found: 'strengthvital' -> 'cocoearth' | Data: {'strengthvital': 'cocoearth'}
2025-08-25 23:33:54,056 - INFO - [NEW] New synonym found: 'goodso' -> 'cocoearth' | Data: {'goodso': 'cocoearth'}
2025-08-25 23:33:54,079 - INFO - [NEW] New synonym found: 'mojitomr' -> 'cocoearth' | Data: {'mojitomr': 'cocoearth'}
2025-08-25 23:33:54,102 - INFO - [NEW] New synonym found: 'boysbrewtwo' -> 'cocoearth' | Data: {'boysbrewtwo': 'cocoearth'}
2025-08-25 23:33:54,127 - INFO - [NEW] New synonym found: 'mccain' -> 'cocoearth' | Data: {'mccain': 'cocoearth'}
2025-08-25 23:33:54,148 - INFO - [NEW] New synonym found: 'brotherscheeky' -> 'cocoearth' | Data: {'brotherscheeky': 'cocoearth'}
2025-08-25 23:33:54,169 - INFO - [NEW] New synonym found: 'fourntwenty' -> 'cocoearth' | Data: {'fourntwenty': 'cocoearth'}
2025-08-25 23:33:54,192 - INFO - [NEW] New synonym found: 'destinationitaly' -> 'cocoearth' | Data: {'destinationitaly': 'cocoearth'}
2025-08-25 23:33:54,214 - INFO - [NEW] New synonym found: 'droetker' -> 'cocoearth' | Data: {'droetker': 'cocoearth'}
2025-08-25 23:33:54,234 - INFO - [NEW] New synonym found: 'bakedprovisions' -> 'cocoearth' | Data: {'bakedprovisions': 'cocoearth'}
2025-08-25 23:33:54,256 - INFO - [NEW] New synonym found: 'borgs' -> 'cocoearth' | Data: {'borgs': 'cocoearth'}
2025-08-25 23:33:54,279 - INFO - [NEW] New synonym found: 'bibigo' -> 'cocoearth' | Data: {'bibigo': 'cocoearth'}
2025-08-25 23:33:54,301 - INFO - [NEW] New synonym found: 'goldenwok' -> 'cocoearth' | Data: {'goldenwok': 'cocoearth'}
2025-08-25 23:33:54,321 - INFO - [NEW] New synonym found: 'birdseye' -> 'cocoearth' | Data: {'birdseye': 'cocoearth'}
2025-08-25 23:33:54,345 - INFO - [NEW] New synonym found: 'watties' -> 'cocoearth' | Data: {'watties': 'cocoearth'}
2025-08-25 23:33:54,367 - INFO - [NEW] New synonym found: 'cheekyfoods' -> 'cocoearth' | Data: {'cheekyfoods': 'cocoearth'}
2025-08-25 23:33:54,391 - INFO - [NEW] New synonym found: 'blueribbon' -> 'cocoearth' | Data: {'blueribbon': 'cocoearth'}
2025-08-25 23:33:54,412 - INFO - [NEW] New synonym found: 'leesara' -> 'cocoearth' | Data: {'leesara': 'cocoearth'}
2025-08-25 23:33:54,435 - INFO - [NEW] New synonym found: 'bulla' -> 'cocoearth' | Data: {'bulla': 'cocoearth'}
2025-08-25 23:33:54,455 - INFO - [NEW] New synonym found: 'connoisseur' -> 'cocoearth' | Data: {'connoisseur': 'cocoearth'}
2025-08-25 23:33:54,476 - INFO - [NEW] New synonym found: 'cornetto' -> 'cocoearth' | Data: {'cornetto': 'cocoearth'}
2025-08-25 23:33:54,498 - INFO - [NEW] New synonym found: 'gaytimegolden' -> 'cocoearth' | Data: {'gaytimegolden': 'cocoearth'}
2025-08-25 23:33:54,520 - INFO - [NEW] New synonym found: 'magnum' -> 'cocoearth' | Data: {'magnum': 'cocoearth'}
2025-08-25 23:33:54,540 - INFO - [NEW] New synonym found: 'australiamars' -> 'cocoearth' | Data: {'australiamars': 'cocoearth'}
2025-08-25 23:33:54,564 - INFO - [NEW] New synonym found: 'paddlepop' -> 'cocoearth' | Data: {'paddlepop': 'cocoearth'}
2025-08-25 23:33:54,589 - INFO - [NEW] New synonym found: 'peters' -> 'cocoearth' | Data: {'peters': 'cocoearth'}
2025-08-25 23:33:54,613 - INFO - [NEW] New synonym found: 'norco' -> 'cocoearth' | Data: {'norco': 'cocoearth'}
2025-08-25 23:33:54,637 - INFO - [NEW] New synonym found: 'lux' -> 'cocoearth' | Data: {'lux': 'cocoearth'}
2025-08-25 23:33:54,659 - INFO - [NEW] New synonym found: 'dove' -> 'cocoearth' | Data: {'dove': 'cocoearth'}
2025-08-25 23:33:54,682 - INFO - [NEW] New synonym found: 'palmolive' -> 'cocoearth' | Data: {'palmolive': 'cocoearth'}
2025-08-25 23:33:54,704 - INFO - [NEW] New synonym found: 'colgate' -> 'cocoearth' | Data: {'colgate': 'cocoearth'}
2025-08-25 23:33:54,725 - INFO - [NEW] New synonym found: 'batiste' -> 'cocoearth' | Data: {'batiste': 'cocoearth'}
2025-08-25 23:33:54,745 - INFO - [NEW] New synonym found: 'headshoulders' -> 'cocoearth' | Data: {'headshoulders': 'cocoearth'}
2025-08-25 23:33:54,767 - INFO - [NEW] New synonym found: 'ogx' -> 'cocoearth' | Data: {'ogx': 'cocoearth'}
2025-08-25 23:33:54,794 - INFO - [NEW] New synonym found: 'mum' -> 'cocoearth' | Data: {'mum': 'cocoearth'}
2025-08-25 23:33:54,819 - INFO - [NEW] New synonym found: 'rexona' -> 'cocoearth' | Data: {'rexona': 'cocoearth'}
2025-08-25 23:33:54,845 - INFO - [NEW] New synonym found: 'bic' -> 'cocoearth' | Data: {'bic': 'cocoearth'}
2025-08-25 23:33:54,872 - INFO - [NEW] New synonym found: 'nivea' -> 'cocoearth' | Data: {'nivea': 'cocoearth'}
2025-08-25 23:33:54,895 - INFO - [NEW] New synonym found: 'lynx' -> 'cocoearth' | Data: {'lynx': 'cocoearth'}
2025-08-25 23:33:54,921 - INFO - [NEW] New synonym found: 'sukin' -> 'cocoearth' | Data: {'sukin': 'cocoearth'}
2025-08-25 23:33:54,945 - INFO - [NEW] New synonym found: 'vaseline' -> 'cocoearth' | Data: {'vaseline': 'cocoearth'}
2025-08-25 23:33:54,969 - INFO - [NEW] New synonym found: 'essano' -> 'cocoearth' | Data: {'essano': 'cocoearth'}
2025-08-25 23:33:54,991 - INFO - [NEW] New synonym found: 'republicskin' -> 'cocoearth' | Data: {'republicskin': 'cocoearth'}
2025-08-25 23:33:55,018 - INFO - [NEW] New synonym found: 'blistex' -> 'cocoearth' | Data: {'blistex': 'cocoearth'}
2025-08-25 23:33:55,044 - INFO - [NEW] New synonym found: 'libra' -> 'cocoearth' | Data: {'libra': 'cocoearth'}
2025-08-25 23:33:55,070 - INFO - [NEW] New synonym found: 'poise' -> 'cocoearth' | Data: {'poise': 'cocoearth'}
2025-08-25 23:33:55,097 - INFO - [NEW] New synonym found: 'bykotexu' -> 'cocoearth' | Data: {'bykotexu': 'cocoearth'}
2025-08-25 23:33:55,123 - INFO - [NEW] New synonym found: 'skyn' -> 'cocoearth' | Data: {'skyn': 'cocoearth'}
2025-08-25 23:33:55,148 - INFO - [NEW] New synonym found: 'gaviscon' -> 'cocoearth' | Data: {'gaviscon': 'cocoearth'}
2025-08-25 23:33:55,172 - INFO - [NEW] New synonym found: 'telfast' -> 'cocoearth' | Data: {'telfast': 'cocoearth'}
2025-08-25 23:33:55,194 - INFO - [NEW] New synonym found: 'nurofen' -> 'cocoearth' | Data: {'nurofen': 'cocoearth'}
2025-08-25 23:33:55,216 - INFO - [NEW] New synonym found: 'nyal' -> 'cocoearth' | Data: {'nyal': 'cocoearth'}
2025-08-25 23:33:55,238 - INFO - [NEW] New synonym found: 'betadine' -> 'cocoearth' | Data: {'betadine': 'cocoearth'}
2025-08-25 23:33:55,261 - INFO - [NEW] New synonym found: 'quest' -> 'cocoearth' | Data: {'quest': 'cocoearth'}
2025-08-25 23:33:55,283 - INFO - [NEW] New synonym found: 'onepurina' -> 'cocoearth' | Data: {'onepurina': 'cocoearth'}
2025-08-25 23:33:55,305 - INFO - [NEW] New synonym found: 'inaba' -> 'cocoearth' | Data: {'inaba': 'cocoearth'}
2025-08-25 23:33:55,327 - INFO - [NEW] New synonym found: 'purina' -> 'cocoearth' | Data: {'purina': 'cocoearth'}
2025-08-25 23:33:55,354 - INFO - [NEW] New synonym found: 'indulgeultimates' -> 'cocoearth' | Data: {'indulgeultimates': 'cocoearth'}
2025-08-25 23:33:55,380 - INFO - [NEW] New synonym found: 'goodo' -> 'cocoearth' | Data: {'goodo': 'cocoearth'}
2025-08-25 23:33:55,402 - INFO - [NEW] New synonym found: 'optimum' -> 'cocoearth' | Data: {'optimum': 'cocoearth'}
2025-08-25 23:33:55,426 - INFO - [NEW] New synonym found: 'loveem' -> 'cocoearth' | Data: {'loveem': 'cocoearth'}
2025-08-25 23:33:55,450 - INFO - [NEW] New synonym found: 'giftnatures' -> 'cocoearth' | Data: {'giftnatures': 'cocoearth'}
2025-08-25 23:33:55,473 - INFO - [NEW] New synonym found: 'goodnessnatures' -> 'cocoearth' | Data: {'goodnessnatures': 'cocoearth'}
2025-08-25 23:33:55,494 - INFO - [NEW] New synonym found: 'dogmy' -> 'cocoearth' | Data: {'dogmy': 'cocoearth'}
2025-08-25 23:33:55,516 - INFO - [NEW] New synonym found: 'pedigree' -> 'cocoearth' | Data: {'pedigree': 'cocoearth'}
2025-08-25 23:33:55,540 - INFO - [NEW] New synonym found: 'schmackos' -> 'cocoearth' | Data: {'schmackos': 'cocoearth'}
2025-08-25 23:33:55,566 - INFO - [NEW] New synonym found: 'grocerpawthe' -> 'cocoearth' | Data: {'grocerpawthe': 'cocoearth'}
2025-08-25 23:33:55,588 - INFO - [NEW] New synonym found: 'zoomies' -> 'cocoearth' | Data: {'zoomies': 'cocoearth'}
2025-08-25 23:33:55,608 - INFO - [NEW] New synonym found: 'bellamysorganic' -> 'cocoearth' | Data: {'bellamysorganic': 'cocoearth'}
2025-08-25 23:33:55,631 - INFO - [NEW] New synonym found: 'bubs' -> 'cocoearth' | Data: {'bubs': 'cocoearth'}
2025-08-25 23:33:55,651 - INFO - [CONFLICT] Canonical brand 'bubs' is already a synonym for 'cocoearth'. Skipping auto-generation for 'bubsorganic'.
2025-08-25 23:33:55,655 - INFO - [NEW] New synonym found: 'gardenraffertys' -> 'cocoearth' | Data: {'gardenraffertys': 'cocoearth'}
2025-08-25 23:33:55,678 - INFO - [NEW] New synonym found: 'onlyorganic' -> 'cocoearth' | Data: {'onlyorganic': 'cocoearth'}
2025-08-25 23:33:55,698 - INFO - [CONFLICT] Canonical brand 'bellamysorganic' is already a synonym for 'cocoearth'. Skipping auto-generation for 'bellamys'.
2025-08-25 23:33:55,700 - INFO - [NEW] New synonym found: 'bellieslittle' -> 'cocoearth' | Data: {'bellieslittle': 'cocoearth'}
2025-08-25 23:33:55,723 - INFO - [CONFLICT] Canonical brand 'bellieslittle' is already a synonym for 'cocoearth'. Skipping auto-generation for 'babybellies'.
2025-08-25 23:33:55,727 - INFO - [NEW] New synonym found: 'huggies' -> 'cocoearth' | Data: {'huggies': 'cocoearth'}
2025-08-25 23:33:55,750 - INFO - [NEW] New synonym found: 'johnsons' -> 'cocoearth' | Data: {'johnsons': 'cocoearth'}
2025-08-25 23:33:55,772 - INFO - [NEW] New synonym found: 'ichibankirin' -> 'kirin' | Data: {'ichibankirin': 'kirin'}
2025-08-25 23:33:55,796 - INFO - [NEW] New synonym found: 'carlton' -> 'cocoearth' | Data: {'carlton': 'cocoearth'}
2025-08-25 23:33:55,817 - INFO - [NEW] New synonym found: 'heroofzero' -> 'heroofthezero' | Data: {'heroofzero': 'heroofthezero'}
2025-08-25 23:33:55,840 - INFO - [NEW] New synonym found: 'bortolide' -> 'bohemela' | Data: {'bortolide': 'bohemela'}
2025-08-25 23:33:55,864 - INFO - [NEW] New synonym found: 'mcwilliams' -> 'mcwilliamswines' | Data: {'mcwilliams': 'mcwilliamswines'}
2025-08-25 23:33:55,887 - INFO - [NEW] New synonym found: 'nopropertwelve' -> 'propertwelve' | Data: {'nopropertwelve': 'propertwelve'}
2025-08-25 23:33:55,912 - INFO - [NEW] New synonym found: 'new' -> 'turkeywild' | Data: {'new': 'turkeywild'}
2025-08-25 23:33:55,935 - INFO - [NEW] New synonym found: 'blackbottle' -> 'hardys' | Data: {'blackbottle': 'hardys'}
2025-08-25 23:33:55,960 - INFO - [NEW] New synonym found: 'chamb' -> 'chambord' | Data: {'chamb': 'chambord'}
2025-08-25 23:33:55,986 - INFO - [NEW] New synonym found: 'danielsjack' -> 'gentlemanjack' | Data: {'danielsjack': 'gentlemanjack'}
2025-08-25 23:33:56,008 - INFO - [NEW] New synonym found: 'coastcoolerwest' -> 'coastwest' | Data: {'coastcoolerwest': 'coastwest'}
2025-08-25 23:33:56,029 - INFO - [NEW] New synonym found: 'sorbent' -> 'cocoearth' | Data: {'sorbent': 'cocoearth'}
2025-08-25 23:33:56,049 - INFO - [NEW] New synonym found: 'bref' -> 'cocoearth' | Data: {'bref': 'cocoearth'}
2025-08-25 23:33:56,071 - INFO - [NEW] New synonym found: 'kleenex' -> 'cocoearth' | Data: {'kleenex': 'cocoearth'}
2025-08-25 23:33:56,094 - INFO - [NEW] New synonym found: 'quilton' -> 'cocoearth' | Data: {'quilton': 'cocoearth'}
2025-08-25 23:33:56,116 - INFO - [NEW] New synonym found: 'glad' -> 'cocoearth' | Data: {'glad': 'cocoearth'}
2025-08-25 23:33:56,142 - INFO - [NEW] New synonym found: 'airwick' -> 'cocoearth' | Data: {'airwick': 'cocoearth'}
2025-08-25 23:33:56,165 - INFO - [NEW] New synonym found: 'glade' -> 'cocoearth' | Data: {'glade': 'cocoearth'}
2025-08-25 23:33:56,188 - INFO - [NEW] New synonym found: 'windex' -> 'cocoearth' | Data: {'windex': 'cocoearth'}
2025-08-25 23:33:56,211 - INFO - [NEW] New synonym found: 'cleanlife' -> 'cocoearth' | Data: {'cleanlife': 'cocoearth'}
2025-08-25 23:33:56,231 - INFO - [NEW] New synonym found: 'cleenopine' -> 'cocoearth' | Data: {'cleenopine': 'cocoearth'}
2025-08-25 23:33:56,254 - INFO - [NEW] New synonym found: 'hercules' -> 'cocoearth' | Data: {'hercules': 'cocoearth'}
2025-08-25 23:33:56,277 - INFO - [NEW] New synonym found: 'coldpower' -> 'cocoearth' | Data: {'coldpower': 'cocoearth'}
2025-08-25 23:33:56,302 - INFO - [NEW] New synonym found: 'dynamo' -> 'cocoearth' | Data: {'dynamo': 'cocoearth'}
2025-08-25 23:33:56,325 - INFO - [NEW] New synonym found: 'earthwise' -> 'cocoearth' | Data: {'earthwise': 'cocoearth'}
2025-08-25 23:33:56,349 - INFO - [NEW] New synonym found: 'fab' -> 'cocoearth' | Data: {'fab': 'cocoearth'}
2025-08-25 23:33:56,371 - INFO - [NEW] New synonym found: 'omo' -> 'cocoearth' | Data: {'omo': 'cocoearth'}
2025-08-25 23:33:56,394 - INFO - [NEW] New synonym found: 'surf' -> 'cocoearth' | Data: {'surf': 'cocoearth'}
2025-08-25 23:33:56,418 - INFO - [NEW] New synonym found: 'comfort' -> 'cocoearth' | Data: {'comfort': 'cocoearth'}
2025-08-25 23:33:56,440 - INFO - [NEW] New synonym found: 'vanish' -> 'cocoearth' | Data: {'vanish': 'cocoearth'}
2025-08-25 23:33:56,462 - INFO - [NEW] New synonym found: 'ratsak' -> 'cocoearth' | Data: {'ratsak': 'cocoearth'}
2025-08-25 23:33:56,483 - INFO - [NEW] New synonym found: 'eveready' -> 'cocoearth' | Data: {'eveready': 'cocoearth'}
2025-08-25 23:33:56,506 - INFO - [NEW] New synonym found: 'albany' -> 'cocoearth' | Data: {'albany': 'cocoearth'}
2025-08-25 23:33:56,533 - INFO - [NEW] New synonym found: 'bondstreet' -> 'cocoearth' | Data: {'bondstreet': 'cocoearth'}
2025-08-25 23:33:56,562 - INFO - [NEW] New synonym found: 'capstan' -> 'cocoearth' | Data: {'capstan': 'cocoearth'}
2025-08-25 23:33:56,585 - INFO - [NEW] New synonym found: 'champion' -> 'cocoearth' | Data: {'champion': 'cocoearth'}
2025-08-25 23:33:56,606 - INFO - [NEW] New synonym found: 'chesterfield' -> 'cocoearth' | Data: {'chesterfield': 'cocoearth'}
2025-08-25 23:33:56,632 - INFO - [NEW] New synonym found: 'classic' -> 'cocoearth' | Data: {'classic': 'cocoearth'}
2025-08-25 23:33:56,651 - INFO - [NEW] New synonym found: 'holiday' -> 'cocoearth' | Data: {'holiday': 'cocoearth'}
2025-08-25 23:33:56,675 - INFO - [NEW] New synonym found: 'horizon' -> 'cocoearth' | Data: {'horizon': 'cocoearth'}
2025-08-25 23:33:56,700 - INFO - [NEW] New synonym found: 'jps' -> 'cocoearth' | Data: {'jps': 'cocoearth'}
2025-08-25 23:33:56,729 - INFO - [NEW] New synonym found: 'butlerlambert' -> 'cocoearth' | Data: {'butlerlambert': 'cocoearth'}
2025-08-25 23:33:56,754 - INFO - [NEW] New synonym found: 'longbeach' -> 'cocoearth' | Data: {'longbeach': 'cocoearth'}
2025-08-25 23:33:56,780 - INFO - [NEW] New synonym found: 'mallpall' -> 'cocoearth' | Data: {'mallpall': 'cocoearth'}
2025-08-25 23:33:56,803 - INFO - [NEW] New synonym found: 'parksimpson' -> 'cocoearth' | Data: {'parksimpson': 'cocoearth'}
2025-08-25 23:33:56,821 - INFO - [NEW] New synonym found: 'parliament' -> 'cocoearth' | Data: {'parliament': 'cocoearth'}
2025-08-25 23:33:56,846 - INFO - [NEW] New synonym found: 'jacksonpeter' -> 'cocoearth' | Data: {'jacksonpeter': 'cocoearth'}
2025-08-25 23:33:56,868 - INFO - [NEW] New synonym found: 'portroyal' -> 'cocoearth' | Data: {'portroyal': 'cocoearth'}
2025-08-25 23:33:56,887 - INFO - [NEW] New synonym found: 'riverstone' -> 'cocoearth' | Data: {'riverstone': 'cocoearth'}
2025-08-25 23:33:56,908 - INFO - [NEW] New synonym found: 'rothmans' -> 'cocoearth' | Data: {'rothmans': 'cocoearth'}
2025-08-25 23:33:56,935 - INFO - [NEW] New synonym found: 'oxthe' -> 'cocoearth' | Data: {'oxthe': 'cocoearth'}
2025-08-25 23:33:56,958 - INFO - [NEW] New synonym found: 'weewillem' -> 'cocoearth' | Data: {'weewillem': 'cocoearth'}
2025-08-25 23:33:56,980 - INFO - [NEW] New synonym found: 'winfield' -> 'cocoearth' | Data: {'winfield': 'cocoearth'}
2025-08-25 23:41:12,758 - INFO - [NEW] New synonym found: 'none' -> 'coco earth' | Data: {'none': 'coco earth'}
2025-08-25 23:41:12,788 - INFO - [NEW] New synonym found: 'avofresh' -> 'coco earth' | Data: {'avofresh': 'coco earth'}
2025-08-25 23:41:12,809 - INFO - [NEW] New synonym found: 'tc farm' -> 'coco earth' | Data: {'tc farm': 'coco earth'}
2025-08-25 23:41:12,844 - INFO - [NEW] New synonym found: 'eco farm' -> 'coco earth' | Data: {'eco farm': 'coco earth'}
2025-08-25 23:41:12,869 - INFO - [NEW] New synonym found: 'gourmet garden' -> 'coco earth' | Data: {'gourmet garden': 'coco earth'}
2025-08-25 23:41:12,893 - INFO - [NEW] New synonym found: 'pan' -> 'coco earth' | Data: {'pan': 'coco earth'}
2025-08-25 23:41:12,915 - INFO - [NEW] New synonym found: 'csr' -> 'coco earth' | Data: {'csr': 'coco earth'}
2025-08-25 23:41:12,938 - INFO - [NEW] New synonym found: 'nestle' -> 'coco earth' | Data: {'nestle': 'coco earth'}
2025-08-25 23:41:12,951 - INFO - [NEW] New synonym found: 'carman's' -> 'coco earth' | Data: {"carman's": 'coco earth'}
2025-08-25 23:41:12,963 - INFO - [NEW] New synonym found: 'kellogg's' -> 'coco earth' | Data: {"kellogg's": 'coco earth'}
2025-08-25 23:41:12,980 - INFO - [NEW] New synonym found: 'uncle tobys' -> 'coco earth' | Data: {'uncle tobys': 'coco earth'}
2025-08-25 23:41:12,997 - INFO - [NEW] New synonym found: 'rokeby' -> 'coco earth' | Data: {'rokeby': 'coco earth'}
2025-08-25 23:41:13,016 - INFO - [NEW] New synonym found: 'bondi dairy' -> 'coco earth' | Data: {'bondi dairy': 'coco earth'}
2025-08-25 23:41:13,040 - INFO - [NEW] New synonym found: 'community co' -> 'coco earth' | Data: {'community co': 'coco earth'}
2025-08-25 23:41:13,065 - INFO - [NEW] New synonym found: 'heinz' -> 'coco earth' | Data: {'heinz': 'coco earth'}
2025-08-25 23:41:13,087 - INFO - [NEW] New synonym found: 'dole' -> 'coco earth' | Data: {'dole': 'coco earth'}
2025-08-25 23:41:13,108 - INFO - [NEW] New synonym found: 'spc' -> 'coco earth' | Data: {'spc': 'coco earth'}
2025-08-25 23:41:13,132 - INFO - [NEW] New synonym found: 'john west' -> 'coco earth' | Data: {'john west': 'coco earth'}
2025-08-25 23:41:13,150 - INFO - [NEW] New synonym found: 'leggos' -> 'coco earth' | Data: {'leggos': 'coco earth'}
2025-08-25 23:41:13,173 - INFO - [NEW] New synonym found: 'hart & soul' -> 'coco earth' | Data: {'hart & soul': 'coco earth'}
2025-08-25 23:41:13,193 - INFO - [NEW] New synonym found: 'maggi' -> 'coco earth' | Data: {'maggi': 'coco earth'}
2025-08-25 23:41:13,217 - INFO - [NEW] New synonym found: 'masterfoods' -> 'coco earth' | Data: {'masterfoods': 'coco earth'}
2025-08-25 23:41:13,244 - INFO - [NEW] New synonym found: 'gold gourmet' -> 'coco earth' | Data: {'gold gourmet': 'coco earth'}
2025-08-25 23:41:13,271 - INFO - [NEW] New synonym found: 'cobram estate' -> 'cobram' | Data: {'cobram estate': 'cobram'}
2025-08-25 23:41:13,293 - INFO - [NEW] New synonym found: 'umamipapi' -> 'coco earth' | Data: {'umamipapi': 'coco earth'}
2025-08-25 23:41:13,317 - INFO - [NEW] New synonym found: 'gourmet saba' -> 'coco earth' | Data: {'gourmet saba': 'coco earth'}
2025-08-25 23:41:13,337 - INFO - [NEW] New synonym found: 'the market grocer' -> 'coco earth' | Data: {'the market grocer': 'coco earth'}
2025-08-25 23:41:13,363 - INFO - [NEW] New synonym found: 'byron bay chilli' -> 'byron bay chilli co.' | Data: {'byron bay chilli': 'byron bay chilli co.'}
2025-08-25 23:41:13,388 - INFO - [NEW] New synonym found: 'flying goose' -> 'coco earth' | Data: {'flying goose': 'coco earth'}
2025-08-25 23:41:13,414 - INFO - [NEW] New synonym found: 'trident' -> 'coco earth' | Data: {'trident': 'coco earth'}
2025-08-25 23:41:13,434 - INFO - [NEW] New synonym found: 'barilla' -> 'coco earth' | Data: {'barilla': 'coco earth'}
2025-08-25 23:41:13,454 - INFO - [NEW] New synonym found: 'campbells' -> 'coco earth' | Data: {'campbells': 'coco earth'}
2025-08-25 23:41:13,471 - INFO - [NEW] New synonym found: 'continental' -> 'coco earth' | Data: {'continental': 'coco earth'}
2025-08-25 23:41:13,499 - INFO - [NEW] New synonym found: 'maggie beer' -> 'coco earth' | Data: {'maggie beer': 'coco earth'}
2025-08-25 23:41:13,521 - INFO - [NEW] New synonym found: 'matt moran' -> 'coco earth' | Data: {'matt moran': 'coco earth'}
2025-08-25 23:41:13,549 - INFO - [NEW] New synonym found: 'vegeta' -> 'coco earth' | Data: {'vegeta': 'coco earth'}
2025-08-25 23:41:13,573 - INFO - [NEW] New synonym found: 'ardmona' -> 'coco earth' | Data: {'ardmona': 'coco earth'}
2025-08-25 23:41:13,602 - INFO - [NEW] New synonym found: 'belladotti' -> 'coco earth' | Data: {'belladotti': 'coco earth'}
2025-08-25 23:41:13,632 - INFO - [NEW] New synonym found: 'wicked sister' -> 'coco earth' | Data: {'wicked sister': 'coco earth'}
2025-08-25 23:41:13,663 - INFO - [NEW] New synonym found: 'old el paso' -> 'coco earth' | Data: {'old el paso': 'coco earth'}
2025-08-25 23:41:13,690 - INFO - [NEW] New synonym found: 'penotti' -> 'coco earth' | Data: {'penotti': 'coco earth'}
2025-08-25 23:41:13,716 - INFO - [NEW] New synonym found: 'bega' -> 'coco earth' | Data: {'bega': 'coco earth'}
2025-08-25 23:41:13,744 - INFO - [NEW] New synonym found: 'tamma' -> 'coco earth' | Data: {'tamma': 'coco earth'}
2025-08-25 23:41:13,772 - INFO - [NEW] New synonym found: 'pasta master' -> 'coco earth' | Data: {'pasta master': 'coco earth'}
2025-08-25 23:41:13,799 - INFO - [NEW] New synonym found: 'black & gold' -> 'coco earth' | Data: {'black & gold': 'coco earth'}
2025-08-25 23:41:13,826 - INFO - [NEW] New synonym found: 'mckenzie's' -> 'coco earth' | Data: {"mckenzie's": 'coco earth'}
2025-08-25 23:41:13,851 - INFO - [NEW] New synonym found: 'cadbury' -> 'coco earth' | Data: {'cadbury': 'coco earth'}
2025-08-25 23:41:13,883 - INFO - [NEW] New synonym found: 'celebrations' -> 'coco earth' | Data: {'celebrations': 'coco earth'}
2025-08-25 23:41:13,910 - INFO - [NEW] New synonym found: 'darrell lea' -> 'coco earth' | Data: {'darrell lea': 'coco earth'}
2025-08-25 23:41:13,933 - INFO - [NEW] New synonym found: 'hershey' -> 'coco earth' | Data: {'hershey': 'coco earth'}
2025-08-25 23:41:13,953 - INFO - [NEW] New synonym found: 'lindt' -> 'coco earth' | Data: {'lindt': 'coco earth'}
2025-08-25 23:41:13,974 - INFO - [NEW] New synonym found: 'mars' -> 'coco earth' | Data: {'mars': 'coco earth'}
2025-08-25 23:41:14,004 - INFO - [NEW] New synonym found: 'nestlé' -> 'coco earth' | Data: {'nestlé': 'coco earth'}
2025-08-25 23:41:14,021 - INFO - [NEW] New synonym found: 'reeses' -> 'coco earth' | Data: {'reeses': 'coco earth'}
2025-08-25 23:41:14,043 - INFO - [NEW] New synonym found: 'snickers' -> 'coco earth' | Data: {'snickers': 'coco earth'}
2025-08-25 23:41:14,065 - INFO - [NEW] New synonym found: 'tony's chocolate' -> 'coco earth' | Data: {"tony's chocolate": 'coco earth'}
2025-08-25 23:41:14,103 - INFO - [NEW] New synonym found: 'toblerone' -> 'coco earth' | Data: {'toblerone': 'coco earth'}
2025-08-25 23:41:14,132 - INFO - [NEW] New synonym found: 'allen's' -> 'coco earth' | Data: {"allen's": 'coco earth'}
2025-08-25 23:41:14,163 - INFO - [NEW] New synonym found: '5 gum' -> 'coco earth' | Data: {'5 gum': 'coco earth'}
2025-08-25 23:41:14,191 - INFO - [NEW] New synonym found: 'extra' -> 'coco earth' | Data: {'extra': 'coco earth'}
2025-08-25 23:41:14,218 - INFO - [NEW] New synonym found: 'junior mints' -> 'coco earth' | Data: {'junior mints': 'coco earth'}
2025-08-25 23:41:14,244 - INFO - [NEW] New synonym found: 'lofthouse' -> 'coco earth' | Data: {'lofthouse': 'coco earth'}
2025-08-25 23:41:14,269 - INFO - [NEW] New synonym found: 'mentos' -> 'coco earth' | Data: {'mentos': 'coco earth'}
2025-08-25 23:41:14,292 - INFO - [NEW] New synonym found: 'norco' -> 'coco earth' | Data: {'norco': 'coco earth'}
2025-08-25 23:41:14,314 - INFO - [NEW] New synonym found: 'chupa chups' -> 'coco earth' | Data: {'chupa chups': 'coco earth'}
2025-08-25 23:41:14,343 - INFO - [NEW] New synonym found: 'dollar sweets' -> 'coco earth' | Data: {'dollar sweets': 'coco earth'}
2025-08-25 23:41:14,366 - INFO - [NEW] New synonym found: 'double d' -> 'coco earth' | Data: {'double d': 'coco earth'}
2025-08-25 23:41:14,378 - INFO - [NEW] New synonym found: 'funday' -> 'coco earth' | Data: {'funday': 'coco earth'}
2025-08-25 23:41:14,407 - INFO - [NEW] New synonym found: 'haribo' -> 'coco earth' | Data: {'haribo': 'coco earth'}
2025-08-25 23:41:14,435 - INFO - [NEW] New synonym found: 'life savers' -> 'coco earth' | Data: {'life savers': 'coco earth'}
2025-08-25 23:41:14,458 - INFO - [NEW] New synonym found: 'maltesers' -> 'coco earth' | Data: {'maltesers': 'coco earth'}
2025-08-25 23:41:14,480 - INFO - [NEW] New synonym found: 'mike & ike' -> 'coco earth' | Data: {'mike & ike': 'coco earth'}
2025-08-25 23:41:14,505 - INFO - [NEW] New synonym found: 'nerds' -> 'coco earth' | Data: {'nerds': 'coco earth'}
2025-08-25 23:41:14,530 - INFO - [NEW] New synonym found: 'oreo' -> 'coco earth' | Data: {'oreo': 'coco earth'}
2025-08-25 23:41:14,561 - INFO - [NEW] New synonym found: 'park avenue' -> 'coco earth' | Data: {'park avenue': 'coco earth'}
2025-08-25 23:41:14,573 - INFO - [NEW] New synonym found: 'pascall' -> 'coco earth' | Data: {'pascall': 'coco earth'}
2025-08-25 23:41:14,592 - INFO - [NEW] New synonym found: 'skittles' -> 'coco earth' | Data: {'skittles': 'coco earth'}
2025-08-25 23:41:14,610 - INFO - [NEW] New synonym found: 'the natural confect co.' -> 'coco earth' | Data: {'the natural confect co.': 'coco earth'}
2025-08-25 23:41:14,630 - INFO - [NEW] New synonym found: 'the natural confectionery co.' -> 'coco earth' | Data: {'the natural confectionery co.': 'coco earth'}
2025-08-25 23:41:14,648 - INFO - [NEW] New synonym found: 'violet crumble' -> 'coco earth' | Data: {'violet crumble': 'coco earth'}
2025-08-25 23:41:14,667 - INFO - [NEW] New synonym found: 'arnotts' -> 'coco earth' | Data: {'arnotts': 'coco earth'}
2025-08-25 23:41:14,693 - INFO - [NEW] New synonym found: 'in a biskit' -> 'coco earth' | Data: {'in a biskit': 'coco earth'}
2025-08-25 23:41:14,725 - INFO - [NEW] New synonym found: 'kiddylicious' -> 'coco earth' | Data: {'kiddylicious': 'coco earth'}
2025-08-25 23:41:14,758 - INFO - [NEW] New synonym found: 'nobby's' -> 'coco earth' | Data: {"nobby's": 'coco earth'}
2025-08-25 23:41:14,784 - INFO - [NEW] New synonym found: 'parkers' -> 'coco earth' | Data: {'parkers': 'coco earth'}
2025-08-25 23:41:14,810 - INFO - [NEW] New synonym found: 'ritz' -> 'coco earth' | Data: {'ritz': 'coco earth'}
2025-08-25 23:41:14,837 - INFO - [NEW] New synonym found: 'carmans' -> 'coco earth' | Data: {'carmans': 'coco earth'}
2025-08-25 23:41:14,869 - INFO - [NEW] New synonym found: 'koja' -> 'coco earth' | Data: {'koja': 'coco earth'}
2025-08-25 23:41:14,893 - INFO - [NEW] New synonym found: 'kettle' -> 'coco earth' | Data: {'kettle': 'coco earth'}
2025-08-25 23:41:14,920 - INFO - [NEW] New synonym found: 'pringles' -> 'coco earth' | Data: {'pringles': 'coco earth'}
2025-08-25 23:41:14,946 - INFO - [NEW] New synonym found: 'red rock deli' -> 'coco earth' | Data: {'red rock deli': 'coco earth'}
2025-08-25 23:41:14,969 - INFO - [NEW] New synonym found: 'smith's' -> 'coco earth' | Data: {"smith's": 'coco earth'}
2025-08-25 23:41:14,997 - INFO - [NEW] New synonym found: 'smiths' -> 'coco earth' | Data: {'smiths': 'coco earth'}
2025-08-25 23:41:15,021 - INFO - [NEW] New synonym found: 'sunbites' -> 'coco earth' | Data: {'sunbites': 'coco earth'}
2025-08-25 23:41:15,055 - INFO - [NEW] New synonym found: 'thins' -> 'coco earth' | Data: {'thins': 'coco earth'}
2025-08-25 23:41:15,085 - INFO - [NEW] New synonym found: 'calbee australia pty limited' -> 'coco earth' | Data: {'calbee australia pty limited': 'coco earth'}
2025-08-25 23:41:15,115 - INFO - [NEW] New synonym found: 'cc's' -> 'coco earth' | Data: {"cc's": 'coco earth'}
2025-08-25 23:41:15,137 - INFO - [NEW] New synonym found: 'doritos' -> 'coco earth' | Data: {'doritos': 'coco earth'}
2025-08-25 23:41:15,160 - INFO - [NEW] New synonym found: 'valentina' -> 'coco earth' | Data: {'valentina': 'coco earth'}
2025-08-25 23:41:15,180 - INFO - [NEW] New synonym found: 'barbell foods' -> 'coco earth' | Data: {'barbell foods': 'coco earth'}
2025-08-25 23:41:15,212 - INFO - [NEW] New synonym found: 'olina's bakehouse' -> 'coco earth' | Data: {"olina's bakehouse": 'coco earth'}
2025-08-25 23:41:15,237 - INFO - [NEW] New synonym found: 'cheetos' -> 'coco earth' | Data: {'cheetos': 'coco earth'}
2025-08-25 23:41:15,259 - INFO - [NEW] New synonym found: 'takis' -> 'coco earth' | Data: {'takis': 'coco earth'}
2025-08-25 23:41:15,288 - INFO - [NEW] New synonym found: 'twisties' -> 'coco earth' | Data: {'twisties': 'coco earth'}
2025-08-25 23:41:15,308 - INFO - [NEW] New synonym found: 'dari's' -> 'coco earth' | Data: {"dari's": 'coco earth'}
2025-08-25 23:41:15,327 - INFO - [NEW] New synonym found: 'la zuppa' -> 'coco earth' | Data: {'la zuppa': 'coco earth'}
2025-08-25 23:41:15,349 - INFO - [NEW] New synonym found: 'nongshim' -> 'coco earth' | Data: {'nongshim': 'coco earth'}
2025-08-25 23:41:15,373 - INFO - [NEW] New synonym found: 'fitzco quality foods' -> 'fitzco' | Data: {'fitzco quality foods': 'fitzco'}
2025-08-25 23:41:15,397 - INFO - [NEW] New synonym found: 'lilydale' -> 'coco earth' | Data: {'lilydale': 'coco earth'}
2025-08-25 23:41:15,409 - INFO - [NEW] New synonym found: 'free country' -> 'coco earth' | Data: {'free country': 'coco earth'}
2025-08-25 23:41:15,435 - INFO - [NEW] New synonym found: 'pilpel' -> 'coco earth' | Data: {'pilpel': 'coco earth'}
2025-08-25 23:41:15,456 - INFO - [NEW] New synonym found: 'dairy farmers' -> 'coco earth' | Data: {'dairy farmers': 'coco earth'}
2025-08-25 23:41:15,483 - INFO - [NEW] New synonym found: 'dare' -> 'coco earth' | Data: {'dare': 'coco earth'}
2025-08-25 23:41:15,510 - INFO - [NEW] New synonym found: 'oak' -> 'coco earth' | Data: {'oak': 'coco earth'}
2025-08-25 23:41:15,530 - INFO - [NEW] New synonym found: 'pauls' -> 'coco earth' | Data: {'pauls': 'coco earth'}
2025-08-25 23:41:15,547 - INFO - [NEW] New synonym found: 'pace farm' -> 'coco earth' | Data: {'pace farm': 'coco earth'}
2025-08-25 23:41:15,570 - INFO - [NEW] New synonym found: 'western star' -> 'coco earth' | Data: {'western star': 'coco earth'}
2025-08-25 23:41:15,593 - INFO - [NEW] New synonym found: 'chobani' -> 'coco earth' | Data: {'chobani': 'coco earth'}
2025-08-25 23:41:15,620 - INFO - [NEW] New synonym found: 'farmers union' -> 'coco earth' | Data: {'farmers union': 'coco earth'}
2025-08-25 23:41:15,653 - INFO - [NEW] New synonym found: 'gippsland dairy' -> 'coco earth' | Data: {'gippsland dairy': 'coco earth'}
2025-08-25 23:41:15,672 - INFO - [NEW] New synonym found: 'vitasoy' -> 'coco earth' | Data: {'vitasoy': 'coco earth'}
2025-08-25 23:41:15,692 - INFO - [NEW] New synonym found: 'castello' -> 'coco earth' | Data: {'castello': 'coco earth'}
2025-08-25 23:41:15,716 - INFO - [NEW] New synonym found: 'cheer' -> 'coco earth' | Data: {'cheer': 'coco earth'}
2025-08-25 23:41:15,738 - INFO - [NEW] New synonym found: 'perfect italiano' -> 'coco earth' | Data: {'perfect italiano': 'coco earth'}
2025-08-25 23:41:15,760 - INFO - [NEW] New synonym found: 'babybel' -> 'coco earth' | Data: {'babybel': 'coco earth'}
2025-08-25 23:41:15,785 - INFO - [NEW] New synonym found: 'chrystal fresh' -> 'coco earth' | Data: {'chrystal fresh': 'coco earth'}
2025-08-25 23:41:15,810 - INFO - [NEW] New synonym found: 'mersey valley' -> 'coco earth' | Data: {'mersey valley': 'coco earth'}
2025-08-25 23:41:15,832 - INFO - [NEW] New synonym found: 'my life' -> 'bio cheese' | Data: {'my life': 'bio cheese'}
2025-08-25 23:41:15,862 - INFO - [NEW] New synonym found: 'double merinos' -> 'coco earth' | Data: {'double merinos': 'coco earth'}
2025-08-25 23:41:15,889 - INFO - [NEW] New synonym found: 'aunty kath's' -> 'coco earth' | Data: {"aunty kath's": 'coco earth'}
2025-08-25 23:41:15,923 - INFO - [NEW] New synonym found: 'bella terra' -> 'coco earth' | Data: {'bella terra': 'coco earth'}
2025-08-25 23:41:15,955 - INFO - [NEW] New synonym found: 'my muscle chef' -> 'coco earth' | Data: {'my muscle chef': 'coco earth'}
2025-08-25 23:41:15,981 - INFO - [NEW] New synonym found: 'bertocchi' -> 'coco earth' | Data: {'bertocchi': 'coco earth'}
2025-08-25 23:41:16,006 - INFO - [NEW] New synonym found: 'paldo' -> 'coco earth' | Data: {'paldo': 'coco earth'}
2025-08-25 23:41:16,036 - INFO - [NEW] New synonym found: 'soya king' -> 'coco earth' | Data: {'soya king': 'coco earth'}
2025-08-25 23:41:16,058 - INFO - [NEW] New synonym found: 'baked provisions' -> 'coco earth' | Data: {'baked provisions': 'coco earth'}
2025-08-25 23:41:16,087 - INFO - [NEW] New synonym found: 'george weston foods limited' -> 'coco earth' | Data: {'george weston foods limited': 'coco earth'}
2025-08-25 23:41:16,108 - INFO - [NEW] New synonym found: 'helgas' -> 'coco earth' | Data: {'helgas': 'coco earth'}
2025-08-25 23:41:16,128 - INFO - [NEW] New synonym found: 'tip top' -> 'coco earth' | Data: {'tip top': 'coco earth'}
2025-08-25 23:41:16,155 - INFO - [NEW] New synonym found: 'wonder' -> 'coco earth' | Data: {'wonder': 'coco earth'}
2025-08-25 23:41:16,179 - INFO - [NEW] New synonym found: 'mission' -> 'coco earth' | Data: {'mission': 'coco earth'}
2025-08-25 23:41:16,200 - INFO - [NEW] New synonym found: 'country delight' -> 'coco earth' | Data: {'country delight': 'coco earth'}
2025-08-25 23:41:16,227 - INFO - [NEW] New synonym found: 'bundaberg' -> 'coco earth' | Data: {'bundaberg': 'coco earth'}
2025-08-25 23:41:16,255 - INFO - [NEW] New synonym found: 'cocobella' -> 'coco earth' | Data: {'cocobella': 'coco earth'}
2025-08-25 23:41:16,285 - INFO - [NEW] New synonym found: 'mountain dew' -> 'coco earth' | Data: {'mountain dew': 'coco earth'}
2025-08-25 23:41:16,314 - INFO - [NEW] New synonym found: 'pepsi' -> 'coco earth' | Data: {'pepsi': 'coco earth'}
2025-08-25 23:41:16,338 - INFO - [NEW] New synonym found: 'remedy' -> 'coco earth' | Data: {'remedy': 'coco earth'}
2025-08-25 23:41:16,359 - INFO - [NEW] New synonym found: 'schweppes' -> 'coco earth' | Data: {'schweppes': 'coco earth'}
2025-08-25 23:41:16,381 - INFO - [NEW] New synonym found: 'solo' -> 'coco earth' | Data: {'solo': 'coco earth'}
2025-08-25 23:41:16,408 - INFO - [NEW] New synonym found: 'alani' -> 'coco earth' | Data: {'alani': 'coco earth'}
2025-08-25 23:41:16,435 - INFO - [NEW] New synonym found: 'monster' -> 'coco earth' | Data: {'monster': 'coco earth'}
2025-08-25 23:41:16,460 - INFO - [NEW] New synonym found: 'red bull' -> 'coco earth' | Data: {'red bull': 'coco earth'}
2025-08-25 23:41:16,489 - INFO - [NEW] New synonym found: 'rockstar' -> 'coco earth' | Data: {'rockstar': 'coco earth'}
2025-08-25 23:41:16,518 - INFO - [NEW] New synonym found: 'v energy' -> 'coco earth' | Data: {'v energy': 'coco earth'}
2025-08-25 23:41:16,545 - INFO - [NEW] New synonym found: 'gatorade' -> 'coco earth' | Data: {'gatorade': 'coco earth'}
2025-08-25 23:41:16,567 - INFO - [NEW] New synonym found: 'bickford's' -> 'coco earth' | Data: {"bickford's": 'coco earth'}
2025-08-25 23:41:16,587 - INFO - [NEW] New synonym found: 'golden circle' -> 'coco earth' | Data: {'golden circle': 'coco earth'}
2025-08-25 23:41:16,615 - INFO - [NEW] New synonym found: 'daily juice company' -> 'coco earth' | Data: {'daily juice company': 'coco earth'}
2025-08-25 23:41:16,638 - INFO - [NEW] New synonym found: 'the juice brothers' -> 'coco earth' | Data: {'the juice brothers': 'coco earth'}
2025-08-25 23:41:16,667 - INFO - [NEW] New synonym found: 'youfoodz' -> 'coco earth' | Data: {'youfoodz': 'coco earth'}
2025-08-25 23:41:16,694 - INFO - [NEW] New synonym found: 'dilmah' -> 'coco earth' | Data: {'dilmah': 'coco earth'}
2025-08-25 23:41:16,721 - INFO - [NEW] New synonym found: 'alka power' -> 'coco earth' | Data: {'alka power': 'coco earth'}
2025-08-25 23:41:16,740 - INFO - [NEW] New synonym found: 'australian natural' -> 'coco earth' | Data: {'australian natural': 'coco earth'}
2025-08-25 23:41:16,770 - INFO - [NEW] New synonym found: 'bonsoy' -> 'coco earth' | Data: {'bonsoy': 'coco earth'}
2025-08-25 23:41:16,790 - INFO - [NEW] New synonym found: 'h2coco' -> 'coco earth' | Data: {'h2coco': 'coco earth'}
2025-08-25 23:41:16,814 - INFO - [NEW] New synonym found: 'vittoria' -> 'coco earth' | Data: {'vittoria': 'coco earth'}
2025-08-25 23:41:16,841 - INFO - [NEW] New synonym found: 'avalanche coffee' -> 'coco earth' | Data: {'avalanche coffee': 'coco earth'}
2025-08-25 23:41:16,862 - INFO - [NEW] New synonym found: 'moccona' -> 'coco earth' | Data: {'moccona': 'coco earth'}
2025-08-25 23:41:16,887 - INFO - [NEW] New synonym found: 'nescafe' -> 'coco earth' | Data: {'nescafe': 'coco earth'}
2025-08-25 23:41:16,920 - INFO - [NEW] New synonym found: 'starbucks' -> 'coco earth' | Data: {'starbucks': 'coco earth'}
2025-08-25 23:41:16,942 - INFO - [NEW] New synonym found: 'l'or' -> 'coco earth' | Data: {"l'or": 'coco earth'}
2025-08-25 23:41:16,975 - INFO - [NEW] New synonym found: 'boss coffee' -> 'coco earth' | Data: {'boss coffee': 'coco earth'}
2025-08-25 23:41:17,007 - INFO - [NEW] New synonym found: 'the coffee brew & co' -> 'coco earth' | Data: {'the coffee brew & co': 'coco earth'}
2025-08-25 23:41:17,041 - INFO - [NEW] New synonym found: 'pukka' -> 'coco earth' | Data: {'pukka': 'coco earth'}
2025-08-25 23:41:17,074 - INFO - [NEW] New synonym found: 't2' -> 't2 tea' | Data: {'t2': 't2 tea'}
2025-08-25 23:41:17,105 - INFO - [NEW] New synonym found: 'taylors of harrogate' -> 'coco earth' | Data: {'taylors of harrogate': 'coco earth'}
2025-08-25 23:41:17,132 - INFO - [NEW] New synonym found: 'two boys brew' -> 'coco earth' | Data: {'two boys brew': 'coco earth'}
2025-08-25 23:41:17,154 - INFO - [NEW] New synonym found: 'mccain' -> 'coco earth' | Data: {'mccain': 'coco earth'}
2025-08-25 23:41:17,188 - INFO - [NEW] New synonym found: 'cheeky brothers' -> 'coco earth' | Data: {'cheeky brothers': 'coco earth'}
2025-08-25 23:41:17,215 - INFO - [NEW] New synonym found: 'four n twenty' -> 'coco earth' | Data: {'four n twenty': 'coco earth'}
2025-08-25 23:41:17,245 - INFO - [NEW] New synonym found: 'i&j' -> 'coco earth' | Data: {'i&j': 'coco earth'}
2025-08-25 23:41:17,269 - INFO - [NEW] New synonym found: 'mc cuisine' -> 'coco earth' | Data: {'mc cuisine': 'coco earth'}
2025-08-25 23:41:17,294 - INFO - [NEW] New synonym found: 'destination italy' -> 'coco earth' | Data: {'destination italy': 'coco earth'}
2025-08-25 23:41:17,316 - INFO - [NEW] New synonym found: 'dr. oetker' -> 'coco earth' | Data: {'dr. oetker': 'coco earth'}
2025-08-25 23:41:17,338 - INFO - [NEW] New synonym found: 'pizza n' joy' -> 'coco earth' | Data: {"pizza n' joy": 'coco earth'}
2025-08-25 23:41:17,375 - INFO - [NEW] New synonym found: 'borg's' -> 'coco earth' | Data: {"borg's": 'coco earth'}
2025-08-25 23:41:17,404 - INFO - [NEW] New synonym found: 'bibigo' -> 'coco earth' | Data: {'bibigo': 'coco earth'}
2025-08-25 23:41:17,433 - INFO - [NEW] New synonym found: 'birds eye' -> 'coco earth' | Data: {'birds eye': 'coco earth'}
2025-08-25 23:41:17,466 - INFO - [NEW] New synonym found: 'sara lee' -> 'coco earth' | Data: {'sara lee': 'coco earth'}
2025-08-25 23:41:17,495 - INFO - [NEW] New synonym found: 'blue ribbon' -> 'coco earth' | Data: {'blue ribbon': 'coco earth'}
2025-08-25 23:41:17,519 - INFO - [NEW] New synonym found: 'bulla' -> 'coco earth' | Data: {'bulla': 'coco earth'}
2025-08-25 23:41:17,546 - INFO - [NEW] New synonym found: 'cornetto' -> 'coco earth' | Data: {'cornetto': 'coco earth'}
2025-08-25 23:41:17,572 - INFO - [NEW] New synonym found: 'golden gaytime' -> 'coco earth' | Data: {'golden gaytime': 'coco earth'}
2025-08-25 23:41:17,595 - INFO - [NEW] New synonym found: 'magnum' -> 'coco earth' | Data: {'magnum': 'coco earth'}
2025-08-25 23:41:17,620 - INFO - [NEW] New synonym found: 'mars australia' -> 'coco earth' | Data: {'mars australia': 'coco earth'}
2025-08-25 23:41:17,648 - INFO - [NEW] New synonym found: 'peters' -> 'coco earth' | Data: {'peters': 'coco earth'}
2025-08-25 23:41:17,671 - INFO - [NEW] New synonym found: 'thankyou' -> 'thankyou.' | Data: {'thankyou': 'thankyou.'}
2025-08-25 23:41:17,699 - INFO - [NEW] New synonym found: 'l'oréal' -> 'l'oreal' | Data: {"l'oréal": "l'oreal"}
2025-08-25 23:41:17,728 - INFO - [NEW] New synonym found: 'dove' -> 'coco earth' | Data: {'dove': 'coco earth'}
2025-08-25 23:41:17,758 - INFO - [NEW] New synonym found: 'mum' -> 'coco earth' | Data: {'mum': 'coco earth'}
2025-08-25 23:41:17,784 - INFO - [NEW] New synonym found: 'lynx' -> 'coco earth' | Data: {'lynx': 'coco earth'}
2025-08-25 23:41:17,811 - INFO - [NEW] New synonym found: 'rexona' -> 'coco earth' | Data: {'rexona': 'coco earth'}
2025-08-25 23:41:17,832 - INFO - [NEW] New synonym found: 'vaseline' -> 'coco earth' | Data: {'vaseline': 'coco earth'}
2025-08-25 23:41:17,854 - INFO - [NEW] New synonym found: 'libra' -> 'coco earth' | Data: {'libra': 'coco earth'}
2025-08-25 23:41:17,872 - INFO - [NEW] New synonym found: 'skyn' -> 'coco earth' | Data: {'skyn': 'coco earth'}
2025-08-25 23:41:17,892 - INFO - [NEW] New synonym found: 'gaviscon' -> 'coco earth' | Data: {'gaviscon': 'coco earth'}
2025-08-25 23:41:17,916 - INFO - [NEW] New synonym found: 'codral' -> 'coco earth' | Data: {'codral': 'coco earth'}
2025-08-25 23:41:17,940 - INFO - [NEW] New synonym found: 'telfast' -> 'coco earth' | Data: {'telfast': 'coco earth'}
2025-08-25 23:41:17,962 - INFO - [NEW] New synonym found: 'vicks' -> 'coco earth' | Data: {'vicks': 'coco earth'}
2025-08-25 23:41:17,985 - INFO - [NEW] New synonym found: 'nurofen' -> 'coco earth' | Data: {'nurofen': 'coco earth'}
2025-08-25 23:41:18,010 - INFO - [NEW] New synonym found: 'nyal' -> 'coco earth' | Data: {'nyal': 'coco earth'}
2025-08-25 23:41:18,042 - INFO - [NEW] New synonym found: 'hydralyte' -> 'coco earth' | Data: {'hydralyte': 'coco earth'}
2025-08-25 23:41:18,069 - INFO - [NEW] New synonym found: 'tonik nutrition' -> 'coco earth' | Data: {'tonik nutrition': 'coco earth'}
2025-08-25 23:41:18,097 - INFO - [NEW] New synonym found: 'purina one' -> 'coco earth' | Data: {'purina one': 'coco earth'}
2025-08-25 23:41:18,129 - INFO - [NEW] New synonym found: 'purina' -> 'coco earth' | Data: {'purina': 'coco earth'}
2025-08-25 23:41:18,155 - INFO - [NEW] New synonym found: 'natures goodness' -> 'coco earth' | Data: {'natures goodness': 'coco earth'}
2025-08-25 23:41:18,178 - INFO - [NEW] New synonym found: 'inaba' -> 'coco earth' | Data: {'inaba': 'coco earth'}
2025-08-25 23:41:18,201 - INFO - [NEW] New synonym found: 'pedigree' -> 'coco earth' | Data: {'pedigree': 'coco earth'}
2025-08-25 23:41:18,225 - INFO - [NEW] New synonym found: 'schmackos' -> 'coco earth' | Data: {'schmackos': 'coco earth'}
2025-08-25 23:41:18,248 - INFO - [NEW] New synonym found: 'vitapet' -> 'coco earth' | Data: {'vitapet': 'coco earth'}
2025-08-25 23:41:18,268 - INFO - [NEW] New synonym found: 'zoomies' -> 'coco earth' | Data: {'zoomies': 'coco earth'}
2025-08-25 23:41:18,289 - INFO - [NEW] New synonym found: 'baby bellies' -> 'little bellies' | Data: {'baby bellies': 'little bellies'}
2025-08-25 23:41:18,314 - INFO - [NEW] New synonym found: 'closer to nature' -> 'tommee tippee' | Data: {'closer to nature': 'tommee tippee'}
2025-08-25 23:41:18,343 - INFO - [NEW] New synonym found: 'harpic' -> 'coco earth' | Data: {'harpic': 'coco earth'}
2025-08-25 23:41:18,361 - INFO - [NEW] New synonym found: 'hercules' -> 'coco earth' | Data: {'hercules': 'coco earth'}
2025-08-25 23:41:18,381 - INFO - [NEW] New synonym found: 'pine o cleen' -> 'coco earth' | Data: {'pine o cleen': 'coco earth'}
2025-08-25 23:41:18,401 - INFO - [NEW] New synonym found: 'windex' -> 'coco earth' | Data: {'windex': 'coco earth'}
2025-08-25 23:41:18,422 - INFO - [NEW] New synonym found: 'finish' -> 'coco earth' | Data: {'finish': 'coco earth'}
2025-08-25 23:41:18,441 - INFO - [NEW] New synonym found: 'cold power' -> 'coco earth' | Data: {'cold power': 'coco earth'}
2025-08-25 23:41:18,460 - INFO - [NEW] New synonym found: 'dynamo' -> 'coco earth' | Data: {'dynamo': 'coco earth'}
2025-08-25 23:41:18,481 - INFO - [NEW] New synonym found: 'omo' -> 'coco earth' | Data: {'omo': 'coco earth'}
2025-08-25 23:41:18,505 - INFO - [NEW] New synonym found: 'comfort' -> 'coco earth' | Data: {'comfort': 'coco earth'}
2025-08-25 23:41:18,528 - INFO - [NEW] New synonym found: 'sard' -> 'coco earth' | Data: {'sard': 'coco earth'}
2025-08-25 23:41:18,552 - INFO - [NEW] New synonym found: 'biopak' -> 'coco earth' | Data: {'biopak': 'coco earth'}
2025-08-25 23:41:18,574 - INFO - [NEW] New synonym found: 'ratsak' -> 'coco earth' | Data: {'ratsak': 'coco earth'}
2025-08-25 23:41:18,597 - INFO - [NEW] New synonym found: 'colourhide' -> 'coco earth' | Data: {'colourhide': 'coco earth'}
2025-08-25 23:41:18,620 - INFO - [NEW] New synonym found: 'energizer' -> 'coco earth' | Data: {'energizer': 'coco earth'}
2025-08-25 23:41:18,644 - INFO - [NEW] New synonym found: 'eveready' -> 'coco earth' | Data: {'eveready': 'coco earth'}
2025-08-25 23:41:18,666 - INFO - [NEW] New synonym found: 'albany' -> 'coco earth' | Data: {'albany': 'coco earth'}
2025-08-25 23:41:18,689 - INFO - [NEW] New synonym found: 'alpine' -> 'coco earth' | Data: {'alpine': 'coco earth'}
2025-08-25 23:41:18,712 - INFO - [NEW] New synonym found: 'benson & hedges' -> 'coco earth' | Data: {'benson & hedges': 'coco earth'}
2025-08-25 23:41:18,736 - INFO - [NEW] New synonym found: 'bond street' -> 'coco earth' | Data: {'bond street': 'coco earth'}
2025-08-25 23:41:18,764 - INFO - [NEW] New synonym found: 'capstan' -> 'coco earth' | Data: {'capstan': 'coco earth'}
2025-08-25 23:41:18,785 - INFO - [NEW] New synonym found: 'champion' -> 'coco earth' | Data: {'champion': 'coco earth'}
2025-08-25 23:41:18,806 - INFO - [NEW] New synonym found: 'chesterfield' -> 'coco earth' | Data: {'chesterfield': 'coco earth'}
2025-08-25 23:41:18,834 - INFO - [NEW] New synonym found: 'choice' -> 'coco earth' | Data: {'choice': 'coco earth'}
2025-08-25 23:41:18,858 - INFO - [NEW] New synonym found: 'classic' -> 'coco earth' | Data: {'classic': 'coco earth'}
2025-08-25 23:41:18,879 - INFO - [NEW] New synonym found: 'dunhill' -> 'coco earth' | Data: {'dunhill': 'coco earth'}
2025-08-25 23:41:18,899 - INFO - [NEW] New synonym found: 'horizon' -> 'coco earth' | Data: {'horizon': 'coco earth'}
2025-08-25 23:41:18,920 - INFO - [NEW] New synonym found: 'jps' -> 'coco earth' | Data: {'jps': 'coco earth'}
2025-08-25 23:41:18,947 - INFO - [NEW] New synonym found: 'lambert & butler' -> 'coco earth' | Data: {'lambert & butler': 'coco earth'}
2025-08-25 23:41:18,971 - INFO - [NEW] New synonym found: 'marlboro' -> 'coco earth' | Data: {'marlboro': 'coco earth'}
2025-08-25 23:41:18,993 - INFO - [NEW] New synonym found: 'park & simpson' -> 'coco earth' | Data: {'park & simpson': 'coco earth'}
2025-08-25 23:41:19,023 - INFO - [NEW] New synonym found: 'parliament' -> 'coco earth' | Data: {'parliament': 'coco earth'}
2025-08-25 23:41:19,046 - INFO - [NEW] New synonym found: 'peter jackson' -> 'coco earth' | Data: {'peter jackson': 'coco earth'}
2025-08-25 23:41:19,073 - INFO - [NEW] New synonym found: 'peter stuyvesant' -> 'coco earth' | Data: {'peter stuyvesant': 'coco earth'}
2025-08-25 23:41:19,097 - INFO - [NEW] New synonym found: 'port royal' -> 'coco earth' | Data: {'port royal': 'coco earth'}
2025-08-25 23:41:19,120 - INFO - [NEW] New synonym found: 'riverstone' -> 'coco earth' | Data: {'riverstone': 'coco earth'}
2025-08-25 23:41:19,143 - INFO - [NEW] New synonym found: 'rothmans' -> 'coco earth' | Data: {'rothmans': 'coco earth'}
2025-08-25 23:41:19,168 - INFO - [NEW] New synonym found: 'the ox' -> 'coco earth' | Data: {'the ox': 'coco earth'}
2025-08-25 23:41:19,190 - INFO - [NEW] New synonym found: 'winfield' -> 'coco earth' | Data: {'winfield': 'coco earth'}
