[21300:26512:0730/181001.559:INFO:components\enterprise\browser\controller\chrome_browser_cloud_management_controller.cc:202] No machine level policy manager exists.
[21300:26512:0730/181005.393:INFO:CONSOLE:52] "Build info", source: https://www.coles.com.au/_next/static/chunks/pages/_app-c81423fed7f5b20b.js (52)
[21300:26512:0730/181005.394:INFO:CONSOLE:41] "Build ID 20250725.2-16b00f604a80917a4801999dd2fbeb5771f98122", source: https://www.coles.com.au/_next/static/chunks/pages/_app-c81423fed7f5b20b.js (41)
[21300:26512:0730/181005.394:INFO:CONSOLE:52] "console.groupEnd", source: https://www.coles.com.au/_next/static/chunks/pages/_app-c81423fed7f5b20b.js (52)
[21300:26512:0730/181005.999:INFO:CONSOLE:1] "Manifest: Line: 1, column: 1, Syntax error.", source: https://www.coles.com.au/manifest.json (1)
[21300:26512:0730/181010.883:INFO:CONSOLE:1] "Refused to apply inline style because it violates the following Content Security Policy directive: "default-src 'none'". Either the 'unsafe-inline' keyword, a hash ('sha256-Juy/dqDy1gy1mQy4F6mUri5UHx+atHEcvCxdvfnDs2w='), or a nonce ('nonce-...') is required to enable inline execution. Note that hashes do not apply to event handlers, style attributes and javascript: navigations unless the 'unsafe-hashes' keyword is present. Note also that 'style-src' was not explicitly set, so 'default-src' is used as a fallback.
", source: https://www.coles.com.au/browse/fruit-vegetables?page=1 (1)
[21300:26512:0730/181010.884:INFO:CONSOLE:0] "Refused to load the script 'https://www.coles.com.au/ewelcome-awakes-flowes-that-La-Warry-ares-Like-n' because it violates the following Content Security Policy directive: "default-src 'none'". Note that 'script-src-elem' was not explicitly set, so 'default-src' is used as a fallback.
", source: https://www.coles.com.au/browse/fruit-vegetables?page=1 (0)
[21300:26512:0730/181010.884:INFO:CONSOLE:1] "Refused to apply inline style because it violates the following Content Security Policy directive: "default-src 'none'". Either the 'unsafe-inline' keyword, a hash ('sha256-IIbZ0XDypFfbZ/Pr/w7aG0fQY+Wt0tnRUqy2LHbnRsg='), or a nonce ('nonce-...') is required to enable inline execution. Note that hashes do not apply to event handlers, style attributes and javascript: navigations unless the 'unsafe-hashes' keyword is present. Note also that 'style-src' was not explicitly set, so 'default-src' is used as a fallback.
", source: https://www.coles.com.au/browse/fruit-vegetables?page=1 (1)
[21300:26512:0730/181010.887:INFO:CONSOLE:1] "Refused to frame 'https://www.coles.com.au/_Incapsula_Resource?SWUDNSAI=31&xinfo=8-1910637-0%20pNNN%20RT%281753891803560%207485%29%20q%280%20-1%20-1%20-1%29%20r%280%20-1%29%20B12%2814%2c0%2c0%29%20U5&incident_id=1101000240016018497-8514429139093000&edet=12&cinfo=0e000000eedc&rpinfo=1033&cts=FoChwKakQXhoQR1RBlRxxYwvaZqhQK39Rm%2fXjcYAW3c%2bP1GR4JUy3Txhf3Ej%2b6tP&mth=GET' because it violates the following Content Security Policy directive: "default-src 'none'". Note that 'frame-src' was not explicitly set, so 'default-src' is used as a fallback.
", source: https://www.coles.com.au/browse/fruit-vegetables?page=1 (1)
[21300:38708:0730/181013.078:ERROR:google_apis\gcm\engine\registration_request.cc:291] Registration response error message: DEPRECATED_ENDPOINT
[21300:26512:0730/181024.449:INFO:CONSOLE:1] "Refused to apply inline style because it violates the following Content Security Policy directive: "default-src 'none'". Either the 'unsafe-inline' keyword, a hash ('sha256-Juy/dqDy1gy1mQy4F6mUri5UHx+atHEcvCxdvfnDs2w='), or a nonce ('nonce-...') is required to enable inline execution. Note that hashes do not apply to event handlers, style attributes and javascript: navigations unless the 'unsafe-hashes' keyword is present. Note also that 'style-src' was not explicitly set, so 'default-src' is used as a fallback.
", source: https://www.coles.com.au/browse/meat-seafood?page=1 (1)
[21300:26512:0730/181024.449:INFO:CONSOLE:0] "Refused to load the script 'https://www.coles.com.au/ewelcome-awakes-flowes-that-La-Warry-ares-Like-n' because it violates the following Content Security Policy directive: "default-src 'none'". Note that 'script-src-elem' was not explicitly set, so 'default-src' is used as a fallback.
", source: https://www.coles.com.au/browse/meat-seafood?page=1 (0)
[21300:26512:0730/181024.449:INFO:CONSOLE:1] "Refused to apply inline style because it violates the following Content Security Policy directive: "default-src 'none'". Either the 'unsafe-inline' keyword, a hash ('sha256-IIbZ0XDypFfbZ/Pr/w7aG0fQY+Wt0tnRUqy2LHbnRsg='), or a nonce ('nonce-...') is required to enable inline execution. Note that hashes do not apply to event handlers, style attributes and javascript: navigations unless the 'unsafe-hashes' keyword is present. Note also that 'style-src' was not explicitly set, so 'default-src' is used as a fallback.
", source: https://www.coles.com.au/browse/meat-seafood?page=1 (1)
[21300:26512:0730/181024.457:INFO:CONSOLE:1] "Refused to frame 'https://www.coles.com.au/_Incapsula_Resource?SWUDNSAI=31&xinfo=8-1910637-0%20nNNY%20RT%281753891803560%2021078%29%20q%280%20-1%20-1%20-1%29%20r%280%20-1%29%20B12%2814%2c0%2c0%29%20U5&incident_id=1101000240016018497-8514673952228872&edet=12&cinfo=0e000000eedc&rpinfo=1033&cts=EDfW0wZ2OkjhNhwzKUSzEe7FgDW4TRNU4nAd2Yuy9QPmoyp9jKcW3CDprDBGoSR1&mth=GET' because it violates the following Content Security Policy directive: "default-src 'none'". Note that 'frame-src' was not explicitly set, so 'default-src' is used as a fallback.
", source: https://www.coles.com.au/browse/meat-seafood?page=1 (1)
